Using pre-set license
Built from '2021.3/staging' branch; Version is '2021.3.0f1 (6eacc8284459) revision 7253192'; Using compiler version '192829333'; Build Type 'Release'
OS: 'Windows 10  (10.0.19043) 64bit Core' Language: 'ja' Physical Memory: 15789 MB
BatchMode: 1, IsHumanControllingUs: 0, StartBugReporterOnCrash: 0, Is64bit: 1, IsPro: 1

COMMAND LINE ARGUMENTS:
C:\Program Files\Unity 2021.3.0f1\Editor\Unity.exe
-adb2
-batchMode
-noUpm
-name
AssetImportWorker3
-projectPath
C:/Users/kbc21b19/Desktop/SurvivalGame/unitySurvival
-logFile
Logs/AssetImportWorker3.log
-srvPort
53213
Successfully changed project path to: C:/Users/kbc21b19/Desktop/SurvivalGame/unitySurvival
C:/Users/kbc21b19/Desktop/SurvivalGame/unitySurvival
[UnityMemory] Configuration Parameters - Can be set up in boot.config
    "memorysetup-bucket-allocator-granularity=16"
    "memorysetup-bucket-allocator-bucket-count=8"
    "memorysetup-bucket-allocator-block-size=33554432"
    "memorysetup-bucket-allocator-block-count=8"
    "memorysetup-main-allocator-block-size=16777216"
    "memorysetup-thread-allocator-block-size=16777216"
    "memorysetup-gfx-main-allocator-block-size=16777216"
    "memorysetup-gfx-thread-allocator-block-size=16777216"
    "memorysetup-cache-allocator-block-size=4194304"
    "memorysetup-typetree-allocator-block-size=2097152"
    "memorysetup-profiler-bucket-allocator-granularity=16"
    "memorysetup-profiler-bucket-allocator-bucket-count=8"
    "memorysetup-profiler-bucket-allocator-block-size=33554432"
    "memorysetup-profiler-bucket-allocator-block-count=8"
    "memorysetup-profiler-allocator-block-size=16777216"
    "memorysetup-profiler-editor-allocator-block-size=1048576"
    "memorysetup-temp-allocator-size-main=16777216"
    "memorysetup-job-temp-allocator-block-size=2097152"
    "memorysetup-job-temp-allocator-block-size-background=1048576"
    "memorysetup-job-temp-allocator-reduction-small-platforms=262144"
    "memorysetup-temp-allocator-size-background-worker=32768"
    "memorysetup-temp-allocator-size-job-worker=262144"
    "memorysetup-temp-allocator-size-preload-manager=33554432"
    "memorysetup-temp-allocator-size-nav-mesh-worker=65536"
    "memorysetup-temp-allocator-size-audio-worker=65536"
    "memorysetup-temp-allocator-size-cloud-worker=32768"
    "memorysetup-temp-allocator-size-gi-baking-worker=262144"
    "memorysetup-temp-allocator-size-gfx=262144"
Refreshing native plugins compatible for Editor in 91.63 ms, found 3 plugins.
Preloading 0 native plugins for Editor in 0.00 ms.
Initialize engine version: 2021.3.0f1 (6eacc8284459)
[Subsystems] Discovering subsystems at path C:/Program Files/Unity 2021.3.0f1/Editor/Data/Resources/UnitySubsystems
[Subsystems] Discovering subsystems at path C:/Users/kbc21b19/Desktop/SurvivalGame/unitySurvival/Assets
GfxDevice: creating device client; threaded=0; jobified=0
Direct3D:
    Version:  Direct3D 11.0 [level 11.1]
    Renderer: NVIDIA GeForce RTX 2060 (ID=0x1f15)
    Vendor:   NVIDIA
    VRAM:     5980 MB
    Driver:   30.0.15.1289
Shader Custom/UnlitShadow uses undefined Queue: 'Opaque'
Shader Custom/UnlitShadow uses undefined Queue: 'Opaque'
Initialize mono
Mono path[0] = 'C:/Program Files/Unity 2021.3.0f1/Editor/Data/Managed'
Mono path[1] = 'C:/Program Files/Unity 2021.3.0f1/Editor/Data/MonoBleedingEdge/lib/mono/unityjit-win32'
Mono config path = 'C:/Program Files/Unity 2021.3.0f1/Editor/Data/MonoBleedingEdge/etc'
Using monoOptions --debugger-agent=transport=dt_socket,embedding=1,server=y,suspend=n,address=127.0.0.1:56328
Begin MonoManager ReloadAssembly
Registering precompiled unity dll's ...
Register platform support module: C:/Program Files/Unity 2021.3.0f1/Editor/Data/PlaybackEngines/WindowsStandaloneSupport/UnityEditor.WindowsStandalone.Extensions.dll
Registered in 0.006750 seconds.
Native extension for WindowsStandalone target not found
Refreshing native plugins compatible for Editor in 77.77 ms, found 3 plugins.
Preloading 0 native plugins for Editor in 0.00 ms.
Mono: successfully reloaded assembly
- Completed reload, in  0.662 seconds
Domain Reload Profiling:
	ReloadAssembly (663ms)
		BeginReloadAssembly (81ms)
			ExecutionOrderSort (0ms)
			DisableScriptedObjects (0ms)
			BackupInstance (0ms)
			ReleaseScriptingObjects (0ms)
			CreateAndSetChildDomain (1ms)
		EndReloadAssembly (459ms)
			LoadAssemblies (77ms)
			RebuildTransferFunctionScriptingTraits (0ms)
			SetupTypeCache (102ms)
			ReleaseScriptCaches (0ms)
			RebuildScriptCaches (32ms)
			SetupLoadedEditorAssemblies (269ms)
				LogAssemblyErrors (0ms)
				InitializePlatformSupportModulesInManaged (8ms)
				SetLoadedEditorAssemblies (0ms)
				RefreshPlugins (78ms)
				BeforeProcessingInitializeOnLoad (1ms)
				ProcessInitializeOnLoadAttributes (135ms)
				ProcessInitializeOnLoadMethodAttributes (46ms)
				AfterProcessingInitializeOnLoad (0ms)
				EditorAssembliesLoaded (0ms)
			ExecutionOrderSort2 (0ms)
			AwakeInstancesAfterBackupRestoration (0ms)
Platform modules already initialized, skipping
Registering precompiled user dll's ...
Registered in 0.005289 seconds.
Begin MonoManager ReloadAssembly
Symbol file LoadedFromMemory doesn't match image C:\Users\kbc21b19\Desktop\SurvivalGame\unitySurvival\Library\PackageCache\com.unity.visualscripting@1.7.6\Editor\VisualScripting.Core\Dependencies\YamlDotNet\Unity.VisualScripting.YamlDotNet.dll
Symbol file LoadedFromMemory is not a mono symbol file
Symbol file LoadedFromMemory doesn't match image C:\Users\kbc21b19\Desktop\SurvivalGame\unitySurvival\Library\PackageCache\com.unity.visualscripting@1.7.6\Editor\VisualScripting.Core\Dependencies\DotNetZip\Unity.VisualScripting.IonicZip.dll
Native extension for WindowsStandalone target not found
Refreshing native plugins compatible for Editor in 0.69 ms, found 3 plugins.
Preloading 0 native plugins for Editor in 0.00 ms.
Mono: successfully reloaded assembly
- Completed reload, in  1.045 seconds
Domain Reload Profiling:
	ReloadAssembly (1046ms)
		BeginReloadAssembly (128ms)
			ExecutionOrderSort (0ms)
			DisableScriptedObjects (5ms)
			BackupInstance (0ms)
			ReleaseScriptingObjects (0ms)
			CreateAndSetChildDomain (22ms)
		EndReloadAssembly (802ms)
			LoadAssemblies (96ms)
			RebuildTransferFunctionScriptingTraits (0ms)
			SetupTypeCache (249ms)
			ReleaseScriptCaches (1ms)
			RebuildScriptCaches (57ms)
			SetupLoadedEditorAssemblies (365ms)
				LogAssemblyErrors (0ms)
				InitializePlatformSupportModulesInManaged (6ms)
				SetLoadedEditorAssemblies (0ms)
				RefreshPlugins (1ms)
				BeforeProcessingInitializeOnLoad (82ms)
				ProcessInitializeOnLoadAttributes (240ms)
				ProcessInitializeOnLoadMethodAttributes (26ms)
				AfterProcessingInitializeOnLoad (9ms)
				EditorAssembliesLoaded (0ms)
			ExecutionOrderSort2 (0ms)
			AwakeInstancesAfterBackupRestoration (6ms)
Platform modules already initialized, skipping
========================================================================
Worker process is ready to serve import requests
Shader Custom/UnlitShadow uses undefined Queue: 'Opaque'
Shader Custom/UnlitShadow uses undefined Queue: 'Opaque'
Launched and connected shader compiler UnityShaderCompiler.exe after 0.05 seconds
Refreshing native plugins compatible for Editor in 0.72 ms, found 3 plugins.
Preloading 0 native plugins for Editor in 0.00 ms.
Unloading 3235 Unused Serialized files (Serialized files now loaded: 0)
Unloading 22 unused Assets / (94.9 KB). Loaded Objects now: 3711.
Memory consumption went from 128.7 MB to 128.6 MB.
Total: 3.066000 ms (FindLiveObjects: 0.313100 ms CreateObjectMapping: 0.102600 ms MarkObjects: 2.526000 ms  DeleteObjects: 0.122600 ms)

AssetImportParameters requested are different than current active one (requested -> active):
  custom:video-decoder-ogg-theora: a1e56fd34408186e4bbccfd4996cb3dc -> 
  custom:container-muxer-webm: aa71ff27fc2769a1b78a27578f13a17b -> 
  custom:container-demuxer-webm: 4f35f7cbe854078d1ac9338744f61a02 -> 
  custom:video-encoder-webm-vp8: eb34c28f22e8b96e1ab97ce403110664 -> 
  custom:video-codec-MediaFoundation-h265: 746d11721c4dcdbdad8f713fa42b33f4 -> 
  custom:audio-encoder-webm-vorbis: bf7c407c2cedff20999df2af8eb42d56 -> 
  custom:framework-win-MediaFoundation: 216162199b28c13a410421893ffa2e32 -> 
  custom:container-demuxer-ogg: 62fdf1f143b41e24485cea50d1cbac27 -> 
  custom:video-decoder-webm-vp8: 9c59270c3fd7afecdb556c50c9e8de78 -> 
  custom:audio-decoder-ogg-vorbis: bf7c407c2cedff20999df2af8eb42d56 -> 
========================================================================
Received Import Request.
  Time since last request: 4232.264197 seconds.
  path: Assets/Toon Forest free set/texture/fllowerB2.png
  artifactKey: Guid(ffa7898652a248f4fbeaebef7f1f378d) Importer(815301076,1909f56bfc062723c751e8b465ee728b)
Start importing Assets/Toon Forest free set/texture/fllowerB2.png using Guid(ffa7898652a248f4fbeaebef7f1f378d) Importer(815301076,1909f56bfc062723c751e8b465ee728b)  -> (artifact id: '2c42ffcee864db407df32203ba0a592f') in 0.089494 seconds 
========================================================================
Received Import Request.
  Time since last request: 16.309834 seconds.
  path: Assets/3D Haven/Free Fantasy Terrain Textures/Textures/4K Resolution/3DH FTT Dirt_002a 4K.png
  artifactKey: Guid(ea4943297098ba5499942bfe4acf559e) Importer(815301076,1909f56bfc062723c751e8b465ee728b)
Start importing Assets/3D Haven/Free Fantasy Terrain Textures/Textures/4K Resolution/3DH FTT Dirt_002a 4K.png using Guid(ea4943297098ba5499942bfe4acf559e) Importer(815301076,1909f56bfc062723c751e8b465ee728b)  -> (artifact id: '1aed8db5113a0900f43996fade9a84d7') in 0.068495 seconds 
========================================================================
Received Import Request.
  Time since last request: 0.000046 seconds.
  path: Assets/3D Haven/Free Fantasy Terrain Textures/Textures/4K Resolution/3DH FTT Rocks_001 4K.png
  artifactKey: Guid(85937c66045c1b440adcc47be41c48b4) Importer(815301076,1909f56bfc062723c751e8b465ee728b)
Start importing Assets/3D Haven/Free Fantasy Terrain Textures/Textures/4K Resolution/3DH FTT Rocks_001 4K.png using Guid(85937c66045c1b440adcc47be41c48b4) Importer(815301076,1909f56bfc062723c751e8b465ee728b)  -> (artifact id: '4af5f403099010d80dd71fd55e0f0bb7') in 0.050645 seconds 
========================================================================
Received Import Request.
  Time since last request: 0.000053 seconds.
  path: Assets/3D Haven/Free Fantasy Terrain Textures/Textures/4K Resolution/3DH FTT Rocks_001_Mossy 4K.png
  artifactKey: Guid(dfee535dc2aefbc4da8c07cd8f8a7c47) Importer(815301076,1909f56bfc062723c751e8b465ee728b)
Start importing Assets/3D Haven/Free Fantasy Terrain Textures/Textures/4K Resolution/3DH FTT Rocks_001_Mossy 4K.png using Guid(dfee535dc2aefbc4da8c07cd8f8a7c47) Importer(815301076,1909f56bfc062723c751e8b465ee728b)  -> (artifact id: '50c88e86fd5e6fd6ed4f2c4caf25b90f') in 0.040694 seconds 
========================================================================
Received Import Request.
  Time since last request: 0.000051 seconds.
  path: Assets/3D Haven/Free Fantasy Terrain Textures/Textures/4K Resolution/3DH FTT Path_001 Abandoned_004 4K.png
  artifactKey: Guid(b6d3349576efe66428d49d6351b45cf6) Importer(815301076,1909f56bfc062723c751e8b465ee728b)
Start importing Assets/3D Haven/Free Fantasy Terrain Textures/Textures/4K Resolution/3DH FTT Path_001 Abandoned_004 4K.png using Guid(b6d3349576efe66428d49d6351b45cf6) Importer(815301076,1909f56bfc062723c751e8b465ee728b)  -> (artifact id: '6a33bdd91146848f9bbce9bfcff07627') in 0.035015 seconds 
========================================================================
Received Import Request.
  Time since last request: 6.401291 seconds.
  path: Assets/3D Haven/Free Fantasy Terrain Textures/Textures/1K Resolution/3DH FTT Dirt_002a 1K.png
  artifactKey: Guid(5020511136143724ea1108909fdadc7a) Importer(815301076,1909f56bfc062723c751e8b465ee728b)
Start importing Assets/3D Haven/Free Fantasy Terrain Textures/Textures/1K Resolution/3DH FTT Dirt_002a 1K.png using Guid(5020511136143724ea1108909fdadc7a) Importer(815301076,1909f56bfc062723c751e8b465ee728b)  -> (artifact id: '3f79bfaa0227345bc7f294265e31d269') in 0.022505 seconds 
========================================================================
Received Import Request.
  Time since last request: 0.000033 seconds.
  path: Assets/3D Haven/Free Fantasy Terrain Textures/Textures/1K Resolution/3DH FTT Grass_002 Grass_001a 1K.png
  artifactKey: Guid(fb7a67e29d5a64147b5cb3ee6cae2210) Importer(815301076,1909f56bfc062723c751e8b465ee728b)
Start importing Assets/3D Haven/Free Fantasy Terrain Textures/Textures/1K Resolution/3DH FTT Grass_002 Grass_001a 1K.png using Guid(fb7a67e29d5a64147b5cb3ee6cae2210) Importer(815301076,1909f56bfc062723c751e8b465ee728b)  -> (artifact id: '108fa7f6b5c17b50610877d2b60ebae0') in 0.016213 seconds 
========================================================================
Received Import Request.
  Time since last request: 0.000039 seconds.
  path: Assets/3D Haven/Free Fantasy Terrain Textures/Textures/1K Resolution/3DH FTT ForestGround_001 Grass_002 1K.png
  artifactKey: Guid(2862d24a5e6d6c049be2492f76bc1c2c) Importer(815301076,1909f56bfc062723c751e8b465ee728b)
Start importing Assets/3D Haven/Free Fantasy Terrain Textures/Textures/1K Resolution/3DH FTT ForestGround_001 Grass_002 1K.png using Guid(2862d24a5e6d6c049be2492f76bc1c2c) Importer(815301076,1909f56bfc062723c751e8b465ee728b)  -> (artifact id: '36a82715f3ad6fd12b920241cb567b55') in 0.018020 seconds 
========================================================================
Received Import Request.
  Time since last request: 0.000051 seconds.
  path: Assets/3D Haven/Free Fantasy Terrain Textures/Textures/1K Resolution/3DH FTT Rocks_001 1K.png
  artifactKey: Guid(a4368b8ffd49f9246964ebbda9f0bf3c) Importer(815301076,1909f56bfc062723c751e8b465ee728b)
Start importing Assets/3D Haven/Free Fantasy Terrain Textures/Textures/1K Resolution/3DH FTT Rocks_001 1K.png using Guid(a4368b8ffd49f9246964ebbda9f0bf3c) Importer(815301076,1909f56bfc062723c751e8b465ee728b)  -> (artifact id: 'db837f0c3a553f6602a9345f6a3d17f5') in 0.016157 seconds 
========================================================================
Received Import Request.
  Time since last request: 0.000043 seconds.
  path: Assets/3D Haven/Free Fantasy Terrain Textures/Textures/1K Resolution/3DH FTT Path_001 Abandoned_002 1K.png
  artifactKey: Guid(ba9569097e4cc2e4a821e2521bffe3a1) Importer(815301076,1909f56bfc062723c751e8b465ee728b)
Start importing Assets/3D Haven/Free Fantasy Terrain Textures/Textures/1K Resolution/3DH FTT Path_001 Abandoned_002 1K.png using Guid(ba9569097e4cc2e4a821e2521bffe3a1) Importer(815301076,1909f56bfc062723c751e8b465ee728b)  -> (artifact id: 'ba2113a5d7c6ff978319966236d0917e') in 0.014545 seconds 
========================================================================
Received Import Request.
  Time since last request: 0.000044 seconds.
  path: Assets/3D Haven/Free Fantasy Terrain Textures/Textures/1K Resolution/NewLayer 1.terrainlayer
  artifactKey: Guid(b27aad31df1227141963ce3a570a8ddc) Importer(815301076,1909f56bfc062723c751e8b465ee728b)
Start importing Assets/3D Haven/Free Fantasy Terrain Textures/Textures/1K Resolution/NewLayer 1.terrainlayer using Guid(b27aad31df1227141963ce3a570a8ddc) Importer(815301076,1909f56bfc062723c751e8b465ee728b)  -> (artifact id: 'b8f1720da070f2c576f6aed2a26cb993') in 0.044714 seconds 
========================================================================
Received Import Request.
  Time since last request: 23.457919 seconds.
  path: Assets/3D Haven/Free Fantasy Terrain Textures/Textures/512 Resolution/3DH FTT Dirt_002a 512.png
  artifactKey: Guid(cb6e70e5c1b90c341a0ce2d82c13cde1) Importer(815301076,1909f56bfc062723c751e8b465ee728b)
Start importing Assets/3D Haven/Free Fantasy Terrain Textures/Textures/512 Resolution/3DH FTT Dirt_002a 512.png using Guid(cb6e70e5c1b90c341a0ce2d82c13cde1) Importer(815301076,1909f56bfc062723c751e8b465ee728b)  -> (artifact id: 'cd96f10d159f89e5126455e7a3d26f0e') in 0.016070 seconds 
========================================================================
Received Import Request.
  Time since last request: 0.000054 seconds.
  path: Assets/3D Haven/Free Fantasy Terrain Textures/Textures/512 Resolution/3DH FTT ForestGround_001 512.png
  artifactKey: Guid(528c5f3232cf1264e81ef200d8b1b1c3) Importer(815301076,1909f56bfc062723c751e8b465ee728b)
Start importing Assets/3D Haven/Free Fantasy Terrain Textures/Textures/512 Resolution/3DH FTT ForestGround_001 512.png using Guid(528c5f3232cf1264e81ef200d8b1b1c3) Importer(815301076,1909f56bfc062723c751e8b465ee728b)  -> (artifact id: 'c308475085f0ceb0dd403c90e3edd425') in 0.016371 seconds 
========================================================================
Received Import Request.
  Time since last request: 0.000059 seconds.
  path: Assets/3D Haven/Free Fantasy Terrain Textures/Textures/512 Resolution/3DH FTT Path_001 Abandoned_004 512.png
  artifactKey: Guid(eb9a518448715064b9d4a5a0188572a6) Importer(815301076,1909f56bfc062723c751e8b465ee728b)
Start importing Assets/3D Haven/Free Fantasy Terrain Textures/Textures/512 Resolution/3DH FTT Path_001 Abandoned_004 512.png using Guid(eb9a518448715064b9d4a5a0188572a6) Importer(815301076,1909f56bfc062723c751e8b465ee728b)  -> (artifact id: '25e846b81e662f28caec1a6584ef0b18') in 0.016472 seconds 
========================================================================
Received Import Request.
  Time since last request: 0.000038 seconds.
  path: Assets/3D Haven/Free Fantasy Terrain Textures/Textures/512 Resolution/3DH FTT Grass_002 Rocks_001 512.png
  artifactKey: Guid(d26813dc343c7464ba32a4902c04f189) Importer(815301076,1909f56bfc062723c751e8b465ee728b)
Start importing Assets/3D Haven/Free Fantasy Terrain Textures/Textures/512 Resolution/3DH FTT Grass_002 Rocks_001 512.png using Guid(d26813dc343c7464ba32a4902c04f189) Importer(815301076,1909f56bfc062723c751e8b465ee728b)  -> (artifact id: '2b193b9dbf3a58869e544c13ceaa3464') in 0.020307 seconds 
========================================================================
Received Import Request.
  Time since last request: 49.495505 seconds.
  path: Assets/AltonGames/nature/Prefabs/grass 1.prefab
  artifactKey: Guid(50e9c460b2035714b9c3be0bbb493fbc) Importer(815301076,1909f56bfc062723c751e8b465ee728b)
Start importing Assets/AltonGames/nature/Prefabs/grass 1.prefab using Guid(50e9c460b2035714b9c3be0bbb493fbc) Importer(815301076,1909f56bfc062723c751e8b465ee728b)  -> (artifact id: 'ee90e09e9f609a821462be96fe79c4fe') in 0.056537 seconds 
========================================================================
Received Import Request.
  Time since last request: 0.000044 seconds.
  path: Assets/AltonGames/nature/Prefabs/maple1.prefab
  artifactKey: Guid(19e255b40b9fe434b88eccbdabddbf51) Importer(815301076,1909f56bfc062723c751e8b465ee728b)
Start importing Assets/AltonGames/nature/Prefabs/maple1.prefab using Guid(19e255b40b9fe434b88eccbdabddbf51) Importer(815301076,1909f56bfc062723c751e8b465ee728b)  -> (artifact id: '4c618e72406e89b217c82a52a4529cca') in 0.109511 seconds 
========================================================================
Received Import Request.
  Time since last request: 6.156685 seconds.
  path: Assets/AltonGames/nature/Meshes/grass.fbx
  artifactKey: Guid(f8641ee86707dec4a9f95f7e5e1d8b16) Importer(815301076,1909f56bfc062723c751e8b465ee728b)
Start importing Assets/AltonGames/nature/Meshes/grass.fbx using Guid(f8641ee86707dec4a9f95f7e5e1d8b16) Importer(815301076,1909f56bfc062723c751e8b465ee728b)  -> (artifact id: 'f9356d80ea6c7838c379a408ffe33830') in 0.250910 seconds 
========================================================================
Received Import Request.
  Time since last request: 0.377721 seconds.
  path: Assets/AltonGames/nature/materials/conifer1.mat
  artifactKey: Guid(2415ee7ecfe36874181ffd5305a5a495) Importer(815301076,1909f56bfc062723c751e8b465ee728b)
Start importing Assets/AltonGames/nature/materials/conifer1.mat using Guid(2415ee7ecfe36874181ffd5305a5a495) Importer(815301076,1909f56bfc062723c751e8b465ee728b)  -> (artifact id: '7e72d953e28f6d92bef4dc0f07712bf5') in 0.027924 seconds 
========================================================================
Received Import Request.
  Time since last request: 0.000037 seconds.
  path: Assets/AltonGames/nature/materials/New Material.mat
  artifactKey: Guid(0ed04ddd9e9521a4ba65785c06cb3ce1) Importer(815301076,1909f56bfc062723c751e8b465ee728b)
Start importing Assets/AltonGames/nature/materials/New Material.mat using Guid(0ed04ddd9e9521a4ba65785c06cb3ce1) Importer(815301076,1909f56bfc062723c751e8b465ee728b)  -> (artifact id: 'be69dcdb74096df91660de0f6d0832e7') in 0.027698 seconds 
========================================================================
Received Import Request.
  Time since last request: 0.000033 seconds.
  path: Assets/AltonGames/nature/materials/maple 1.mat
  artifactKey: Guid(9cc3cf77334af1945afb2a8572ddabe4) Importer(815301076,1909f56bfc062723c751e8b465ee728b)
Start importing Assets/AltonGames/nature/materials/maple 1.mat using Guid(9cc3cf77334af1945afb2a8572ddabe4) Importer(815301076,1909f56bfc062723c751e8b465ee728b)  -> (artifact id: 'ff1d53e2b5c7498c5feee1303f5d9daf') in 0.024904 seconds 
========================================================================
Received Import Request.
  Time since last request: 19.826722 seconds.
  path: Assets/Cartoon_Texture_Pack/GRASS/GRASS_Flower/GRASS_Flower_Tint_02/Texture/Grass_Flower_Tint_02_Base_Metallic.png
  artifactKey: Guid(3612b8b0d2379d04a9c5b30f2045fd67) Importer(815301076,1909f56bfc062723c751e8b465ee728b)
Start importing Assets/Cartoon_Texture_Pack/GRASS/GRASS_Flower/GRASS_Flower_Tint_02/Texture/Grass_Flower_Tint_02_Base_Metallic.png using Guid(3612b8b0d2379d04a9c5b30f2045fd67) Importer(815301076,1909f56bfc062723c751e8b465ee728b)  -> (artifact id: '8078ab12d911be15161dd5fc94d96802') in 0.030682 seconds 
========================================================================
Received Import Request.
  Time since last request: 0.000040 seconds.
  path: Assets/Cartoon_Texture_Pack/GRASS/GRASS_Flower/GRASS_Flower_Tint_02/Texture/Grass_Flower_Tint_02_FlowerBlue_A_Metallic.png
  artifactKey: Guid(7fd0b312ec0436c4dbdb7531bd2f0cde) Importer(815301076,1909f56bfc062723c751e8b465ee728b)
Start importing Assets/Cartoon_Texture_Pack/GRASS/GRASS_Flower/GRASS_Flower_Tint_02/Texture/Grass_Flower_Tint_02_FlowerBlue_A_Metallic.png using Guid(7fd0b312ec0436c4dbdb7531bd2f0cde) Importer(815301076,1909f56bfc062723c751e8b465ee728b)  -> (artifact id: '39b34717a133864aab591b3a0de5d1c2') in 0.020881 seconds 
========================================================================
Received Import Request.
  Time since last request: 0.000046 seconds.
  path: Assets/Cartoon_Texture_Pack/GRASS/GRASS_Flower/GRASS_Flower_Tint_02/Texture/Grass_Flower_Tint_02_FlowerBlue_B_Height.png
  artifactKey: Guid(ef58ee75e46da6b46bee427fbc28bb4c) Importer(815301076,1909f56bfc062723c751e8b465ee728b)
Start importing Assets/Cartoon_Texture_Pack/GRASS/GRASS_Flower/GRASS_Flower_Tint_02/Texture/Grass_Flower_Tint_02_FlowerBlue_B_Height.png using Guid(ef58ee75e46da6b46bee427fbc28bb4c) Importer(815301076,1909f56bfc062723c751e8b465ee728b)  -> (artifact id: '647d2c0d4c1db5b6b36486c2eb0d940c') in 0.020818 seconds 
========================================================================
Received Import Request.
  Time since last request: 0.000049 seconds.
  path: Assets/Cartoon_Texture_Pack/GRASS/GRASS_Flower/GRASS_Flower_Tint_02/Texture/Grass_Flower_Tint_02_FlowerPurple_B_Metallic.png
  artifactKey: Guid(49a35c33012a5574983fe05fa8f8ab93) Importer(815301076,1909f56bfc062723c751e8b465ee728b)
Start importing Assets/Cartoon_Texture_Pack/GRASS/GRASS_Flower/GRASS_Flower_Tint_02/Texture/Grass_Flower_Tint_02_FlowerPurple_B_Metallic.png using Guid(49a35c33012a5574983fe05fa8f8ab93) Importer(815301076,1909f56bfc062723c751e8b465ee728b)  -> (artifact id: '026e164b7a61f481daa06866de89613c') in 0.022028 seconds 
========================================================================
Received Import Request.
  Time since last request: 0.000042 seconds.
  path: Assets/Cartoon_Texture_Pack/GRASS/GRASS_Flower/GRASS_Flower_Tint_02/Texture/Grass_Flower_Tint_02_FlowerPurple_B_Height.png
  artifactKey: Guid(5593a653384072240ac84f7e9266dbeb) Importer(815301076,1909f56bfc062723c751e8b465ee728b)
Start importing Assets/Cartoon_Texture_Pack/GRASS/GRASS_Flower/GRASS_Flower_Tint_02/Texture/Grass_Flower_Tint_02_FlowerPurple_B_Height.png using Guid(5593a653384072240ac84f7e9266dbeb) Importer(815301076,1909f56bfc062723c751e8b465ee728b)  -> (artifact id: 'f52a65db9b8c4a480f85363ca7deb1d3') in 0.020200 seconds 
========================================================================
Received Import Request.
  Time since last request: 0.000051 seconds.
  path: Assets/Cartoon_Texture_Pack/GRASS/GRASS_Flower/GRASS_Flower_Tint_02/Texture/Grass_Flower_Tint_02_Rocks_Normal.png
  artifactKey: Guid(28d422e66a342d74eba89cea2546b6cd) Importer(815301076,1909f56bfc062723c751e8b465ee728b)
Start importing Assets/Cartoon_Texture_Pack/GRASS/GRASS_Flower/GRASS_Flower_Tint_02/Texture/Grass_Flower_Tint_02_Rocks_Normal.png using Guid(28d422e66a342d74eba89cea2546b6cd) Importer(815301076,1909f56bfc062723c751e8b465ee728b)  -> (artifact id: '1adb18bb6744a0a4a02fc06ca873683b') in 0.026161 seconds 
========================================================================
Received Import Request.
  Time since last request: 0.000064 seconds.
  path: Assets/Cartoon_Texture_Pack/GRASS/GRASS_Flower/GRASS_Flower_Tint_02/Texture/Grass_Flower_Tint_02_Rocks_Metallic.png
  artifactKey: Guid(764077ffb4669c94db0e4fb99b0a655b) Importer(815301076,1909f56bfc062723c751e8b465ee728b)
Start importing Assets/Cartoon_Texture_Pack/GRASS/GRASS_Flower/GRASS_Flower_Tint_02/Texture/Grass_Flower_Tint_02_Rocks_Metallic.png using Guid(764077ffb4669c94db0e4fb99b0a655b) Importer(815301076,1909f56bfc062723c751e8b465ee728b)  -> (artifact id: 'cb72e53906c003afa175b5556572e3cb') in 0.024795 seconds 
========================================================================
Received Import Request.
  Time since last request: 0.000041 seconds.
  path: Assets/Cartoon_Texture_Pack/GRASS/GRASS_Flower/GRASS_Flower_Tint_02/Texture/Grass_Flower_Tint_02_FlowerPurple_B_Basecolor.png
  artifactKey: Guid(0ea2403f81de68a4eb1effe14694e0f4) Importer(815301076,1909f56bfc062723c751e8b465ee728b)
Start importing Assets/Cartoon_Texture_Pack/GRASS/GRASS_Flower/GRASS_Flower_Tint_02/Texture/Grass_Flower_Tint_02_FlowerPurple_B_Basecolor.png using Guid(0ea2403f81de68a4eb1effe14694e0f4) Importer(815301076,1909f56bfc062723c751e8b465ee728b)  -> (artifact id: '2e69dd0f4aea5ad9b0ef1a86aeec470c') in 0.022419 seconds 
========================================================================
Received Import Request.
  Time since last request: 0.000043 seconds.
  path: Assets/Cartoon_Texture_Pack/GRASS/GRASS_Flower/GRASS_Flower_Tint_02/Texture/Grass_Flower_Tint_02_FlowerRed_A_Basecolor.png
  artifactKey: Guid(1458b2e4ed79022448a67f1b5a189ae9) Importer(815301076,1909f56bfc062723c751e8b465ee728b)
Start importing Assets/Cartoon_Texture_Pack/GRASS/GRASS_Flower/GRASS_Flower_Tint_02/Texture/Grass_Flower_Tint_02_FlowerRed_A_Basecolor.png using Guid(1458b2e4ed79022448a67f1b5a189ae9) Importer(815301076,1909f56bfc062723c751e8b465ee728b)  -> (artifact id: 'b5d1b0193a696e62082654dcb347c231') in 0.019355 seconds 
========================================================================
Received Import Request.
  Time since last request: 0.000038 seconds.
  path: Assets/Cartoon_Texture_Pack/GRASS/GRASS_Flower/GRASS_Flower_Tint_02/Texture/Grass_Flower_Tint_02_FlowerPurple_A_Basecolor.png
  artifactKey: Guid(26408f3456289d04583fce2a70b66d98) Importer(815301076,1909f56bfc062723c751e8b465ee728b)
Start importing Assets/Cartoon_Texture_Pack/GRASS/GRASS_Flower/GRASS_Flower_Tint_02/Texture/Grass_Flower_Tint_02_FlowerPurple_A_Basecolor.png using Guid(26408f3456289d04583fce2a70b66d98) Importer(815301076,1909f56bfc062723c751e8b465ee728b)  -> (artifact id: '0caa009c32313526a545b9a787a2f224') in 0.018064 seconds 
========================================================================
Received Import Request.
  Time since last request: 0.000051 seconds.
  path: Assets/Cartoon_Texture_Pack/GRASS/GRASS_Flower/GRASS_Flower_Tint_02/Texture/Grass_Flower_Tint_02_FlowerPurple_A_Normal.png
  artifactKey: Guid(fd56d9b1f718fdd4fbca96569ac9b76f) Importer(815301076,1909f56bfc062723c751e8b465ee728b)
Start importing Assets/Cartoon_Texture_Pack/GRASS/GRASS_Flower/GRASS_Flower_Tint_02/Texture/Grass_Flower_Tint_02_FlowerPurple_A_Normal.png using Guid(fd56d9b1f718fdd4fbca96569ac9b76f) Importer(815301076,1909f56bfc062723c751e8b465ee728b)  -> (artifact id: '49fbb953dccc0f551a30d1a430f5ffe5') in 0.023171 seconds 
========================================================================
Received Import Request.
  Time since last request: 0.000140 seconds.
  path: Assets/Cartoon_Texture_Pack/GRASS/GRASS_Flower/GRASS_Flower_Tint_02/Texture/Grass_Flower_Tint_02_FlowerYellow_A_Basecolor.png
  artifactKey: Guid(4c8014b956345774d93bb7dea1435ae9) Importer(815301076,1909f56bfc062723c751e8b465ee728b)
Start importing Assets/Cartoon_Texture_Pack/GRASS/GRASS_Flower/GRASS_Flower_Tint_02/Texture/Grass_Flower_Tint_02_FlowerYellow_A_Basecolor.png using Guid(4c8014b956345774d93bb7dea1435ae9) Importer(815301076,1909f56bfc062723c751e8b465ee728b)  -> (artifact id: 'b1800f4c297243b4534b97239c643673') in 0.021347 seconds 
========================================================================
Received Import Request.
  Time since last request: 0.000046 seconds.
  path: Assets/Cartoon_Texture_Pack/GRASS/GRASS_Flower/GRASS_Flower_Tint_02/Texture/Grass_Flower_Tint_02_FlowerRed_B_Height.png
  artifactKey: Guid(7cd0048b991d8b843bd737eb50b18bac) Importer(815301076,1909f56bfc062723c751e8b465ee728b)
Start importing Assets/Cartoon_Texture_Pack/GRASS/GRASS_Flower/GRASS_Flower_Tint_02/Texture/Grass_Flower_Tint_02_FlowerRed_B_Height.png using Guid(7cd0048b991d8b843bd737eb50b18bac) Importer(815301076,1909f56bfc062723c751e8b465ee728b)  -> (artifact id: '3ea54bd47b19d7e4ce6d61cb85e31a7b') in 0.017937 seconds 
========================================================================
Received Import Request.
  Time since last request: 27.683761 seconds.
  path: Assets/Fantasy Forest Set/Prefabs/Bush-1.prefab
  artifactKey: Guid(45c8f32b8351cc8479784ab83f37ddf2) Importer(815301076,1909f56bfc062723c751e8b465ee728b)
Start importing Assets/Fantasy Forest Set/Prefabs/Bush-1.prefab using Guid(45c8f32b8351cc8479784ab83f37ddf2) Importer(815301076,1909f56bfc062723c751e8b465ee728b)  -> (artifact id: '852cba59e0c07f07c5a38413099a6ee5') in 0.074518 seconds 
========================================================================
Received Import Request.
  Time since last request: 0.000056 seconds.
  path: Assets/Fantasy Forest Set/Prefabs/Flower-1-Red.prefab
  artifactKey: Guid(39825d3284a7cd9439cb7b3aac51c93b) Importer(815301076,1909f56bfc062723c751e8b465ee728b)
Start importing Assets/Fantasy Forest Set/Prefabs/Flower-1-Red.prefab using Guid(39825d3284a7cd9439cb7b3aac51c93b) Importer(815301076,1909f56bfc062723c751e8b465ee728b) Render queue value outside of the allowed range (2450 - 2500) for selected Blend mode, resetting render queue to default
 -> (artifact id: 'cfad4dec61f2377e9d47b15a868ae4c6') in 0.234198 seconds 
========================================================================
Received Import Request.
  Time since last request: 0.000040 seconds.
  path: Assets/Fantasy Forest Set/Prefabs/Grass-3.prefab
  artifactKey: Guid(862af2bbfa94aab40965f0da1ab88e04) Importer(815301076,1909f56bfc062723c751e8b465ee728b)
Start importing Assets/Fantasy Forest Set/Prefabs/Grass-3.prefab using Guid(862af2bbfa94aab40965f0da1ab88e04) Importer(815301076,1909f56bfc062723c751e8b465ee728b)  -> (artifact id: '724ceaa47f4778a6f24773c118ad9c06') in 0.020107 seconds 
========================================================================
Received Import Request.
  Time since last request: 0.000045 seconds.
  path: Assets/Fantasy Forest Set/Prefabs/pineTree_1.prefab
  artifactKey: Guid(aeb91a108a22a774cbc6f1ee2639342e) Importer(815301076,1909f56bfc062723c751e8b465ee728b)
Start importing Assets/Fantasy Forest Set/Prefabs/pineTree_1.prefab using Guid(aeb91a108a22a774cbc6f1ee2639342e) Importer(815301076,1909f56bfc062723c751e8b465ee728b)  -> (artifact id: 'b9ce3b43f4c1d3c5accaac81a3f1534d') in 0.024151 seconds 
========================================================================
Received Import Request.
  Time since last request: 0.000041 seconds.
  path: Assets/Fantasy Forest Set/Prefabs/Rock-3.prefab
  artifactKey: Guid(7bd6629adca0e514f82d999d076ff30c) Importer(815301076,1909f56bfc062723c751e8b465ee728b)
Start importing Assets/Fantasy Forest Set/Prefabs/Rock-3.prefab using Guid(7bd6629adca0e514f82d999d076ff30c) Importer(815301076,1909f56bfc062723c751e8b465ee728b)  -> (artifact id: '69dc96928f316d242353e9e6c561440b') in 0.105734 seconds 
========================================================================
Received Import Request.
  Time since last request: 0.000039 seconds.
  path: Assets/Fantasy Forest Set/Prefabs/Flower-2-Blue.prefab
  artifactKey: Guid(2fd7d0de589bd974085ef89c2b2a5fa7) Importer(815301076,1909f56bfc062723c751e8b465ee728b)
Start importing Assets/Fantasy Forest Set/Prefabs/Flower-2-Blue.prefab using Guid(2fd7d0de589bd974085ef89c2b2a5fa7) Importer(815301076,1909f56bfc062723c751e8b465ee728b)  -> (artifact id: '588cd1c04f0bfdcacf022fda801da401') in 0.017290 seconds 
========================================================================
Received Import Request.
  Time since last request: 0.000042 seconds.
  path: Assets/Fantasy Forest Set/Prefabs/Shrub-1.prefab
  artifactKey: Guid(ca90765c45209df47b2e0751e54ecff1) Importer(815301076,1909f56bfc062723c751e8b465ee728b)
Start importing Assets/Fantasy Forest Set/Prefabs/Shrub-1.prefab using Guid(ca90765c45209df47b2e0751e54ecff1) Importer(815301076,1909f56bfc062723c751e8b465ee728b)  -> (artifact id: '7e87d5fcb8f3e46ec9bbac57e899d815') in 0.018875 seconds 
========================================================================
Received Import Request.
  Time since last request: 8.706087 seconds.
  path: Assets/Grass And Flowers Pack 1/Bush/Bush 4.png
  artifactKey: Guid(05da3951b3b9a8344b2f353d88539ce1) Importer(815301076,1909f56bfc062723c751e8b465ee728b)
Start importing Assets/Grass And Flowers Pack 1/Bush/Bush 4.png using Guid(05da3951b3b9a8344b2f353d88539ce1) Importer(815301076,1909f56bfc062723c751e8b465ee728b)  -> (artifact id: '7ddeeba83850238e64b6fb7a6fc8a922') in 0.018514 seconds 
========================================================================
Received Import Request.
  Time since last request: 0.000039 seconds.
  path: Assets/Grass And Flowers Pack 1/Bush/Bush 5.png
  artifactKey: Guid(1d0acc09e270a62458265b3ebddd4ebd) Importer(815301076,1909f56bfc062723c751e8b465ee728b)
Start importing Assets/Grass And Flowers Pack 1/Bush/Bush 5.png using Guid(1d0acc09e270a62458265b3ebddd4ebd) Importer(815301076,1909f56bfc062723c751e8b465ee728b)  -> (artifact id: '31666f8e959bc93e965d2641aa00930f') in 0.015107 seconds 
========================================================================
Received Import Request.
  Time since last request: 6.745259 seconds.
  path: Assets/Grass And Flowers Pack 1/Small Tree/Small Tree 4.png
  artifactKey: Guid(493f6a5a5044c0c4ba0f79af81d56bc3) Importer(815301076,1909f56bfc062723c751e8b465ee728b)
Start importing Assets/Grass And Flowers Pack 1/Small Tree/Small Tree 4.png using Guid(493f6a5a5044c0c4ba0f79af81d56bc3) Importer(815301076,1909f56bfc062723c751e8b465ee728b)  -> (artifact id: '282cb503544a622e78dc4b9dc2a5f846') in 0.016565 seconds 
========================================================================
Received Import Request.
  Time since last request: 0.000035 seconds.
  path: Assets/Grass And Flowers Pack 1/Small Tree/Small Tree 7.png
  artifactKey: Guid(bb7fb21294f44974ba010d7559e3efd4) Importer(815301076,1909f56bfc062723c751e8b465ee728b)
Start importing Assets/Grass And Flowers Pack 1/Small Tree/Small Tree 7.png using Guid(bb7fb21294f44974ba010d7559e3efd4) Importer(815301076,1909f56bfc062723c751e8b465ee728b)  -> (artifact id: '0180fd8c6110011784f7b75af751614d') in 0.017843 seconds 
========================================================================
Received Import Request.
  Time since last request: 0.000047 seconds.
  path: Assets/Grass And Flowers Pack 1/Small Tree/Small Tree 5.png
  artifactKey: Guid(04952c56a0d42784a91102c43a3b1fb3) Importer(815301076,1909f56bfc062723c751e8b465ee728b)
Start importing Assets/Grass And Flowers Pack 1/Small Tree/Small Tree 5.png using Guid(04952c56a0d42784a91102c43a3b1fb3) Importer(815301076,1909f56bfc062723c751e8b465ee728b)  -> (artifact id: '77456bfaa72e1f18c8d53e1ca8b30782') in 0.017347 seconds 
========================================================================
Received Import Request.
  Time since last request: 3.115614 seconds.
  path: Assets/Grass And Flowers Pack 1/Ground Textures/RockSharp 1_N.png
  artifactKey: Guid(35d3ff6cdcda018438ec443fd827b089) Importer(815301076,1909f56bfc062723c751e8b465ee728b)
Start importing Assets/Grass And Flowers Pack 1/Ground Textures/RockSharp 1_N.png using Guid(35d3ff6cdcda018438ec443fd827b089) Importer(815301076,1909f56bfc062723c751e8b465ee728b)  -> (artifact id: '071aef1d81d5ea25db0718d91e0a14c7') in 0.018380 seconds 
========================================================================
Received Import Request.
  Time since last request: 3.936203 seconds.
  path: Assets/Grass And Flowers Pack 1/Flower/Flower 4.png
  artifactKey: Guid(ad92efd57360446408eb98ca805556d3) Importer(815301076,1909f56bfc062723c751e8b465ee728b)
Start importing Assets/Grass And Flowers Pack 1/Flower/Flower 4.png using Guid(ad92efd57360446408eb98ca805556d3) Importer(815301076,1909f56bfc062723c751e8b465ee728b)  -> (artifact id: 'de2e359ad35c5729c81cc4c394d861d2') in 0.017819 seconds 
========================================================================
Received Import Request.
  Time since last request: 0.000033 seconds.
  path: Assets/Grass And Flowers Pack 1/Flower/Flower 14.png
  artifactKey: Guid(8ce2ad0a75811cc46b9b36bce7f0287a) Importer(815301076,1909f56bfc062723c751e8b465ee728b)
Start importing Assets/Grass And Flowers Pack 1/Flower/Flower 14.png using Guid(8ce2ad0a75811cc46b9b36bce7f0287a) Importer(815301076,1909f56bfc062723c751e8b465ee728b)  -> (artifact id: '2101011fe3b55f9f019909d0f92f26f5') in 0.016038 seconds 
========================================================================
Received Import Request.
  Time since last request: 0.000044 seconds.
  path: Assets/Grass And Flowers Pack 1/Flower/Grass Flower 9.png
  artifactKey: Guid(be71e7916ae7b0e4faf4d22ccf62ad24) Importer(815301076,1909f56bfc062723c751e8b465ee728b)
Start importing Assets/Grass And Flowers Pack 1/Flower/Grass Flower 9.png using Guid(be71e7916ae7b0e4faf4d22ccf62ad24) Importer(815301076,1909f56bfc062723c751e8b465ee728b)  -> (artifact id: '5572356839cb62c838943979991c6d94') in 0.016115 seconds 
========================================================================
Received Import Request.
  Time since last request: 0.000043 seconds.
  path: Assets/Grass And Flowers Pack 1/Flower/Flower 31.png
  artifactKey: Guid(d4a4c5b26333338439fd3b78cfb701ec) Importer(815301076,1909f56bfc062723c751e8b465ee728b)
Start importing Assets/Grass And Flowers Pack 1/Flower/Flower 31.png using Guid(d4a4c5b26333338439fd3b78cfb701ec) Importer(815301076,1909f56bfc062723c751e8b465ee728b)  -> (artifact id: '45d32dd0782da83d73a81b75976f2e68') in 0.015740 seconds 
========================================================================
Received Import Request.
  Time since last request: 0.000040 seconds.
  path: Assets/Grass And Flowers Pack 1/Flower/Grass Flower 2.png
  artifactKey: Guid(a281a39b029389a43b000a1de1b88be0) Importer(815301076,1909f56bfc062723c751e8b465ee728b)
Start importing Assets/Grass And Flowers Pack 1/Flower/Grass Flower 2.png using Guid(a281a39b029389a43b000a1de1b88be0) Importer(815301076,1909f56bfc062723c751e8b465ee728b)  -> (artifact id: 'aa6d93341f0c0185323c5e2349a43aef') in 0.012992 seconds 
========================================================================
Received Import Request.
  Time since last request: 0.000034 seconds.
  path: Assets/Grass And Flowers Pack 1/Flower/Flower 27.png
  artifactKey: Guid(f4fb557129691084cb3e99cf4dbfb1ef) Importer(815301076,1909f56bfc062723c751e8b465ee728b)
Start importing Assets/Grass And Flowers Pack 1/Flower/Flower 27.png using Guid(f4fb557129691084cb3e99cf4dbfb1ef) Importer(815301076,1909f56bfc062723c751e8b465ee728b)  -> (artifact id: '19b4f9dd7bd0a5c6e5b2a37b109c4fcb') in 0.016337 seconds 
========================================================================
Received Import Request.
  Time since last request: 0.000053 seconds.
  path: Assets/Grass And Flowers Pack 1/Flower/Flower 11.png
  artifactKey: Guid(fb308d78d8746474e99ec6fed271be47) Importer(815301076,1909f56bfc062723c751e8b465ee728b)
Start importing Assets/Grass And Flowers Pack 1/Flower/Flower 11.png using Guid(fb308d78d8746474e99ec6fed271be47) Importer(815301076,1909f56bfc062723c751e8b465ee728b)  -> (artifact id: 'f943e0bdbdf710a9bc4c049bd0ead49e') in 0.015432 seconds 
========================================================================
Received Import Request.
  Time since last request: 0.000041 seconds.
  path: Assets/Grass And Flowers Pack 1/Flower/Flower 29.png
  artifactKey: Guid(bf95547c7aedd464fad405b4946b17df) Importer(815301076,1909f56bfc062723c751e8b465ee728b)
Start importing Assets/Grass And Flowers Pack 1/Flower/Flower 29.png using Guid(bf95547c7aedd464fad405b4946b17df) Importer(815301076,1909f56bfc062723c751e8b465ee728b)  -> (artifact id: 'e8b15c768e4e7b4e422d8399d705ebc8') in 0.018148 seconds 
========================================================================
Received Import Request.
  Time since last request: 0.000057 seconds.
  path: Assets/Grass And Flowers Pack 1/Flower/Flower 15.png
  artifactKey: Guid(9aec2d44e96e07f4d94104087a886541) Importer(815301076,1909f56bfc062723c751e8b465ee728b)
Start importing Assets/Grass And Flowers Pack 1/Flower/Flower 15.png using Guid(9aec2d44e96e07f4d94104087a886541) Importer(815301076,1909f56bfc062723c751e8b465ee728b)  -> (artifact id: 'b5ca1dc6dfc4a035eb41acf4b40dfbd0') in 0.017056 seconds 
========================================================================
Received Import Request.
  Time since last request: 0.000031 seconds.
  path: Assets/Grass And Flowers Pack 1/Flower/Flower 5.png
  artifactKey: Guid(922f990a2fc104c46808052d2857484f) Importer(815301076,1909f56bfc062723c751e8b465ee728b)
Start importing Assets/Grass And Flowers Pack 1/Flower/Flower 5.png using Guid(922f990a2fc104c46808052d2857484f) Importer(815301076,1909f56bfc062723c751e8b465ee728b)  -> (artifact id: '290ee37983b656d168090ccb199b42db') in 0.018639 seconds 
========================================================================
Received Import Request.
  Time since last request: 0.000045 seconds.
  path: Assets/Grass And Flowers Pack 1/Flower/Flower 24.png
  artifactKey: Guid(14fa9fdbde9323e44b97ba8f6aff0555) Importer(815301076,1909f56bfc062723c751e8b465ee728b)
Start importing Assets/Grass And Flowers Pack 1/Flower/Flower 24.png using Guid(14fa9fdbde9323e44b97ba8f6aff0555) Importer(815301076,1909f56bfc062723c751e8b465ee728b)  -> (artifact id: 'fd1b10e9f8260f321440fde4dac4f955') in 0.014859 seconds 
========================================================================
Received Import Request.
  Time since last request: 0.000045 seconds.
  path: Assets/Grass And Flowers Pack 1/Flower/Flower 16.png
  artifactKey: Guid(6d1b799698b4a13428f342e85a6eafa9) Importer(815301076,1909f56bfc062723c751e8b465ee728b)
Start importing Assets/Grass And Flowers Pack 1/Flower/Flower 16.png using Guid(6d1b799698b4a13428f342e85a6eafa9) Importer(815301076,1909f56bfc062723c751e8b465ee728b)  -> (artifact id: '7ee708cc3784dad8f249298839def5fb') in 0.016974 seconds 
========================================================================
Received Import Request.
  Time since last request: 9.855183 seconds.
  path: Assets/Grass And Flowers Pack 1/Example Scene/Gray.png
  artifactKey: Guid(1761a9c228ab3da45a324633d6e020f4) Importer(815301076,1909f56bfc062723c751e8b465ee728b)
Start importing Assets/Grass And Flowers Pack 1/Example Scene/Gray.png using Guid(1761a9c228ab3da45a324633d6e020f4) Importer(815301076,1909f56bfc062723c751e8b465ee728b)  -> (artifact id: '3c9114fc640c937e27b83f85b3c4d460') in 0.014511 seconds 
========================================================================
Received Import Request.
  Time since last request: 0.000048 seconds.
  path: Assets/Grass And Flowers Pack 1/Example Scene/TerrainBumpedMaterial.mat
  artifactKey: Guid(cb7ee3d569bc19e4fa157f4d8c37da56) Importer(815301076,1909f56bfc062723c751e8b465ee728b)
Start importing Assets/Grass And Flowers Pack 1/Example Scene/TerrainBumpedMaterial.mat using Guid(cb7ee3d569bc19e4fa157f4d8c37da56) Importer(815301076,1909f56bfc062723c751e8b465ee728b)  -> (artifact id: '1e878ad0b47d86e4c73d92c18af32bf5') in 0.209265 seconds 
========================================================================
Received Prepare
Registering precompiled user dll's ...
Registered in 0.007023 seconds.
Begin MonoManager ReloadAssembly
Symbol file LoadedFromMemory doesn't match image C:\Users\kbc21b19\Desktop\SurvivalGame\unitySurvival\Library\PackageCache\com.unity.visualscripting@1.7.6\Editor\VisualScripting.Core\Dependencies\YamlDotNet\Unity.VisualScripting.YamlDotNet.dll
Symbol file LoadedFromMemory is not a mono symbol file
Symbol file LoadedFromMemory doesn't match image C:\Users\kbc21b19\Desktop\SurvivalGame\unitySurvival\Library\PackageCache\com.unity.visualscripting@1.7.6\Editor\VisualScripting.Core\Dependencies\DotNetZip\Unity.VisualScripting.IonicZip.dll
Native extension for WindowsStandalone target not found
Refreshing native plugins compatible for Editor in 0.69 ms, found 3 plugins.
Preloading 0 native plugins for Editor in 0.00 ms.
Mono: successfully reloaded assembly
- Completed reload, in  1.090 seconds
Domain Reload Profiling:
	ReloadAssembly (1091ms)
		BeginReloadAssembly (167ms)
			ExecutionOrderSort (0ms)
			DisableScriptedObjects (4ms)
			BackupInstance (0ms)
			ReleaseScriptingObjects (0ms)
			CreateAndSetChildDomain (41ms)
		EndReloadAssembly (816ms)
			LoadAssemblies (123ms)
			RebuildTransferFunctionScriptingTraits (0ms)
			SetupTypeCache (302ms)
			ReleaseScriptCaches (1ms)
			RebuildScriptCaches (52ms)
			SetupLoadedEditorAssemblies (320ms)
				LogAssemblyErrors (0ms)
				InitializePlatformSupportModulesInManaged (12ms)
				SetLoadedEditorAssemblies (1ms)
				RefreshPlugins (1ms)
				BeforeProcessingInitializeOnLoad (70ms)
				ProcessInitializeOnLoadAttributes (202ms)
				ProcessInitializeOnLoadMethodAttributes (24ms)
				AfterProcessingInitializeOnLoad (10ms)
				EditorAssembliesLoaded (0ms)
			ExecutionOrderSort2 (0ms)
			AwakeInstancesAfterBackupRestoration (6ms)
Platform modules already initialized, skipping
Shader Custom/UnlitShadow uses undefined Queue: 'Opaque'
Shader Custom/UnlitShadow uses undefined Queue: 'Opaque'
Refreshing native plugins compatible for Editor in 2.37 ms, found 3 plugins.
Preloading 0 native plugins for Editor in 0.00 ms.
Unloading 3221 Unused Serialized files (Serialized files now loaded: 0)
Unloading 15 unused Assets / (24.6 KB). Loaded Objects now: 3768.
Memory consumption went from 139.6 MB to 139.6 MB.
Total: 3.131900 ms (FindLiveObjects: 0.324300 ms CreateObjectMapping: 0.153000 ms MarkObjects: 2.623100 ms  DeleteObjects: 0.030000 ms)

AssetImportParameters requested are different than current active one (requested -> active):
  custom:video-decoder-ogg-theora: a1e56fd34408186e4bbccfd4996cb3dc -> 
  custom:container-muxer-webm: aa71ff27fc2769a1b78a27578f13a17b -> 
  custom:container-demuxer-webm: 4f35f7cbe854078d1ac9338744f61a02 -> 
  custom:video-encoder-webm-vp8: eb34c28f22e8b96e1ab97ce403110664 -> 
  custom:video-codec-MediaFoundation-h265: 746d11721c4dcdbdad8f713fa42b33f4 -> 
  custom:audio-encoder-webm-vorbis: bf7c407c2cedff20999df2af8eb42d56 -> 
  custom:framework-win-MediaFoundation: 216162199b28c13a410421893ffa2e32 -> 
  custom:container-demuxer-ogg: 62fdf1f143b41e24485cea50d1cbac27 -> 
  custom:video-decoder-webm-vp8: 9c59270c3fd7afecdb556c50c9e8de78 -> 
  custom:audio-decoder-ogg-vorbis: bf7c407c2cedff20999df2af8eb42d56 -> 
