Using pre-set license
Built from '2021.3/staging' branch; Version is '2021.3.11f1 (0a5ca18544bf) revision 679073'; Using compiler version '192829333'; Build Type 'Release'
OS: 'Windows 10  (10.0.19043) 64bit Core' Language: 'ja' Physical Memory: 15789 MB
BatchMode: 1, IsHumanControllingUs: 0, StartBugReporterOnCrash: 0, Is64bit: 1, IsPro: 1

COMMAND LINE ARGUMENTS:
C:\Program Files\Unity\Hub\Editor\2021.3.11f1\Editor\Unity.exe
-adb2
-batchMode
-noUpm
-name
AssetImportWorker6
-projectPath
C:/Users/kbc21b19/Desktop/SurvivalGame/unitySurvival
-logFile
Logs/AssetImportWorker6.log
-srvPort
49963
Successfully changed project path to: C:/Users/kbc21b19/Desktop/SurvivalGame/unitySurvival
C:/Users/kbc21b19/Desktop/SurvivalGame/unitySurvival
[UnityMemory] Configuration Parameters - Can be set up in boot.config
    "memorysetup-bucket-allocator-granularity=16"
    "memorysetup-bucket-allocator-bucket-count=8"
    "memorysetup-bucket-allocator-block-size=33554432"
    "memorysetup-bucket-allocator-block-count=8"
    "memorysetup-main-allocator-block-size=16777216"
    "memorysetup-thread-allocator-block-size=16777216"
    "memorysetup-gfx-main-allocator-block-size=16777216"
    "memorysetup-gfx-thread-allocator-block-size=16777216"
    "memorysetup-cache-allocator-block-size=4194304"
    "memorysetup-typetree-allocator-block-size=2097152"
    "memorysetup-profiler-bucket-allocator-granularity=16"
    "memorysetup-profiler-bucket-allocator-bucket-count=8"
    "memorysetup-profiler-bucket-allocator-block-size=33554432"
    "memorysetup-profiler-bucket-allocator-block-count=8"
    "memorysetup-profiler-allocator-block-size=16777216"
    "memorysetup-profiler-editor-allocator-block-size=1048576"
    "memorysetup-temp-allocator-size-main=16777216"
    "memorysetup-job-temp-allocator-block-size=2097152"
    "memorysetup-job-temp-allocator-block-size-background=1048576"
    "memorysetup-job-temp-allocator-reduction-small-platforms=262144"
    "memorysetup-temp-allocator-size-background-worker=32768"
    "memorysetup-temp-allocator-size-job-worker=262144"
    "memorysetup-temp-allocator-size-preload-manager=33554432"
    "memorysetup-temp-allocator-size-nav-mesh-worker=65536"
    "memorysetup-temp-allocator-size-audio-worker=65536"
    "memorysetup-temp-allocator-size-cloud-worker=32768"
    "memorysetup-temp-allocator-size-gi-baking-worker=262144"
    "memorysetup-temp-allocator-size-gfx=262144"
Refreshing native plugins compatible for Editor in 105.89 ms, found 3 plugins.
Preloading 0 native plugins for Editor in 0.00 ms.
Initialize engine version: 2021.3.11f1 (0a5ca18544bf)
[Subsystems] Discovering subsystems at path C:/Program Files/Unity/Hub/Editor/2021.3.11f1/Editor/Data/Resources/UnitySubsystems
[Subsystems] Discovering subsystems at path C:/Users/kbc21b19/Desktop/SurvivalGame/unitySurvival/Assets
GfxDevice: creating device client; threaded=0; jobified=0
Direct3D:
    Version:  Direct3D 11.0 [level 11.1]
    Renderer: NVIDIA GeForce RTX 2060 (ID=0x1f15)
    Vendor:   NVIDIA
    VRAM:     5980 MB
    Driver:   30.0.15.1289
Initialize mono
Mono path[0] = 'C:/Program Files/Unity/Hub/Editor/2021.3.11f1/Editor/Data/Managed'
Mono path[1] = 'C:/Program Files/Unity/Hub/Editor/2021.3.11f1/Editor/Data/MonoBleedingEdge/lib/mono/unityjit-win32'
Mono config path = 'C:/Program Files/Unity/Hub/Editor/2021.3.11f1/Editor/Data/MonoBleedingEdge/etc'
Using monoOptions --debugger-agent=transport=dt_socket,embedding=1,server=y,suspend=n,address=127.0.0.1:56836
Begin MonoManager ReloadAssembly
Registering precompiled unity dll's ...
Register platform support module: C:/Program Files/Unity/Hub/Editor/2021.3.11f1/Editor/Data/PlaybackEngines/AndroidPlayer/UnityEditor.Android.Extensions.dll
Register platform support module: C:/Program Files/Unity/Hub/Editor/2021.3.11f1/Editor/Data/PlaybackEngines/WindowsStandaloneSupport/UnityEditor.WindowsStandalone.Extensions.dll
Registered in 0.010960 seconds.
Native extension for WindowsStandalone target not found
Native extension for Android target not found
Refreshing native plugins compatible for Editor in 79.72 ms, found 3 plugins.
Preloading 0 native plugins for Editor in 0.00 ms.
Mono: successfully reloaded assembly
- Completed reload, in  0.687 seconds
Domain Reload Profiling:
	ReloadAssembly (687ms)
		BeginReloadAssembly (92ms)
			ExecutionOrderSort (0ms)
			DisableScriptedObjects (0ms)
			BackupInstance (0ms)
			ReleaseScriptingObjects (0ms)
			CreateAndSetChildDomain (1ms)
		EndReloadAssembly (471ms)
			LoadAssemblies (90ms)
			RebuildTransferFunctionScriptingTraits (0ms)
			SetupTypeCache (97ms)
			ReleaseScriptCaches (0ms)
			RebuildScriptCaches (30ms)
			SetupLoadedEditorAssemblies (294ms)
				LogAssemblyErrors (0ms)
				InitializePlatformSupportModulesInManaged (53ms)
				SetLoadedEditorAssemblies (2ms)
				RefreshPlugins (80ms)
				BeforeProcessingInitializeOnLoad (2ms)
				ProcessInitializeOnLoadAttributes (110ms)
				ProcessInitializeOnLoadMethodAttributes (47ms)
				AfterProcessingInitializeOnLoad (0ms)
				EditorAssembliesLoaded (0ms)
			ExecutionOrderSort2 (0ms)
			AwakeInstancesAfterBackupRestoration (0ms)
Platform modules already initialized, skipping
Registering precompiled user dll's ...
Registered in 0.009245 seconds.
Begin MonoManager ReloadAssembly
Symbol file LoadedFromMemory doesn't match image C:\Users\kbc21b19\Desktop\SurvivalGame\unitySurvival\Library\PackageCache\com.unity.visualscripting@1.7.8\Editor\VisualScripting.Core\Dependencies\YamlDotNet\Unity.VisualScripting.YamlDotNet.dll
Symbol file LoadedFromMemory doesn't match image C:\Users\kbc21b19\Desktop\SurvivalGame\unitySurvival\Library\PackageCache\com.unity.visualscripting@1.7.8\Editor\VisualScripting.Core\Dependencies\DotNetZip\Unity.VisualScripting.IonicZip.dll
Native extension for WindowsStandalone target not found
Native extension for Android target not found
Refreshing native plugins compatible for Editor in 0.61 ms, found 3 plugins.
Preloading 0 native plugins for Editor in 0.00 ms.
Mono: successfully reloaded assembly
- Completed reload, in  1.177 seconds
Domain Reload Profiling:
	ReloadAssembly (1178ms)
		BeginReloadAssembly (219ms)
			ExecutionOrderSort (0ms)
			DisableScriptedObjects (5ms)
			BackupInstance (0ms)
			ReleaseScriptingObjects (0ms)
			CreateAndSetChildDomain (129ms)
		EndReloadAssembly (841ms)
			LoadAssemblies (117ms)
			RebuildTransferFunctionScriptingTraits (0ms)
			SetupTypeCache (244ms)
			ReleaseScriptCaches (1ms)
			RebuildScriptCaches (58ms)
			SetupLoadedEditorAssemblies (384ms)
				LogAssemblyErrors (0ms)
				InitializePlatformSupportModulesInManaged (16ms)
				SetLoadedEditorAssemblies (0ms)
				RefreshPlugins (1ms)
				BeforeProcessingInitializeOnLoad (91ms)
				ProcessInitializeOnLoadAttributes (236ms)
				ProcessInitializeOnLoadMethodAttributes (30ms)
				AfterProcessingInitializeOnLoad (10ms)
				EditorAssembliesLoaded (0ms)
			ExecutionOrderSort2 (0ms)
			AwakeInstancesAfterBackupRestoration (5ms)
Platform modules already initialized, skipping
========================================================================
Worker process is ready to serve import requests
Launched and connected shader compiler UnityShaderCompiler.exe after 0.05 seconds
Refreshing native plugins compatible for Editor in 0.56 ms, found 3 plugins.
Preloading 0 native plugins for Editor in 0.00 ms.
Unloading 3391 Unused Serialized files (Serialized files now loaded: 0)
Unloading 25 unused Assets / (56.3 KB). Loaded Objects now: 3871.
Memory consumption went from 130.5 MB to 130.5 MB.
Total: 3.381100 ms (FindLiveObjects: 0.377600 ms CreateObjectMapping: 0.166900 ms MarkObjects: 2.720300 ms  DeleteObjects: 0.114800 ms)

AssetImportParameters requested are different than current active one (requested -> active):
  custom:video-decoder-ogg-theora: a1e56fd34408186e4bbccfd4996cb3dc -> 
  custom:container-muxer-webm: aa71ff27fc2769a1b78a27578f13a17b -> 
  custom:container-demuxer-webm: 4f35f7cbe854078d1ac9338744f61a02 -> 
  custom:video-encoder-webm-vp8: eb34c28f22e8b96e1ab97ce403110664 -> 
  custom:video-codec-MediaFoundation-h265: 746d11721c4dcdbdad8f713fa42b33f4 -> 
  custom:audio-encoder-webm-vorbis: bf7c407c2cedff20999df2af8eb42d56 -> 
  custom:framework-win-MediaFoundation: 216162199b28c13a410421893ffa2e32 -> 
  custom:container-demuxer-ogg: 62fdf1f143b41e24485cea50d1cbac27 -> 
  custom:video-decoder-webm-vp8: 9c59270c3fd7afecdb556c50c9e8de78 -> 
  custom:audio-decoder-ogg-vorbis: bf7c407c2cedff20999df2af8eb42d56 -> 
========================================================================
Received Import Request.
  Time since last request: 1035954.092320 seconds.
  path: Assets/Polygon-Lite Survival Collection/Prefabs/SM_SKIN_FLATCHES.prefab
  artifactKey: Guid(e2cbe343c87fdb7468a2b5176c7c4cb0) Importer(815301076,1909f56bfc062723c751e8b465ee728b)
Start importing Assets/Polygon-Lite Survival Collection/Prefabs/SM_SKIN_FLATCHES.prefab using Guid(e2cbe343c87fdb7468a2b5176c7c4cb0) Importer(815301076,1909f56bfc062723c751e8b465ee728b)  -> (artifact id: 'd8df8ceafcb638d3a0c73b5b9f4f79b2') in 0.171498 seconds 
========================================================================
Received Import Request.
  Time since last request: 8243.696231 seconds.
  path: Assets/Polygon-Lite Survival Collection/Models/Assembled_Tent_A.fbx
  artifactKey: Guid(f94c2828f003a00409630826d3f03b5c) Importer(815301076,1909f56bfc062723c751e8b465ee728b)
Start importing Assets/Polygon-Lite Survival Collection/Models/Assembled_Tent_A.fbx using Guid(f94c2828f003a00409630826d3f03b5c) Importer(815301076,1909f56bfc062723c751e8b465ee728b)  -> (artifact id: '1eb851a80efaed18e02922fe03a5cc88') in 0.191622 seconds 
========================================================================
Received Import Request.
  Time since last request: 0.000092 seconds.
  path: Assets/Polygon-Lite Survival Collection/Models/SM_Log.fbx
  artifactKey: Guid(6bd982b9b51aeae4a9cb4b566b4da93f) Importer(815301076,1909f56bfc062723c751e8b465ee728b)
Start importing Assets/Polygon-Lite Survival Collection/Models/SM_Log.fbx using Guid(6bd982b9b51aeae4a9cb4b566b4da93f) Importer(815301076,1909f56bfc062723c751e8b465ee728b)  -> (artifact id: '077a08a5d863b485852df6fae171d940') in 0.020997 seconds 
========================================================================
Received Import Request.
  Time since last request: 0.000037 seconds.
  path: Assets/Polygon-Lite Survival Collection/Models/SM_FIREWOOD_LAYING.fbx
  artifactKey: Guid(68101e52a9abd4c4ca4428f1d43fab7e) Importer(815301076,1909f56bfc062723c751e8b465ee728b)
Start importing Assets/Polygon-Lite Survival Collection/Models/SM_FIREWOOD_LAYING.fbx using Guid(68101e52a9abd4c4ca4428f1d43fab7e) Importer(815301076,1909f56bfc062723c751e8b465ee728b)  -> (artifact id: '0cd5565a3b1595fb9f34f8f2f85f021b') in 0.024599 seconds 
========================================================================
Received Import Request.
  Time since last request: 0.000024 seconds.
  path: Assets/Polygon-Lite Survival Collection/Models/SM_Canister_01.fbx
  artifactKey: Guid(a0dd0354caf5c0049b89be3049d07eb5) Importer(815301076,1909f56bfc062723c751e8b465ee728b)
Start importing Assets/Polygon-Lite Survival Collection/Models/SM_Canister_01.fbx using Guid(a0dd0354caf5c0049b89be3049d07eb5) Importer(815301076,1909f56bfc062723c751e8b465ee728b)  -> (artifact id: '488bb0dc18d62ba02101dd1a6c6bb6f1') in 0.023765 seconds 
========================================================================
Received Import Request.
  Time since last request: 0.000026 seconds.
  path: Assets/Polygon-Lite Survival Collection/Models/Meat_01.fbx
  artifactKey: Guid(b89b6237d7d126647884ce2160c115f2) Importer(815301076,1909f56bfc062723c751e8b465ee728b)
Start importing Assets/Polygon-Lite Survival Collection/Models/Meat_01.fbx using Guid(b89b6237d7d126647884ce2160c115f2) Importer(815301076,1909f56bfc062723c751e8b465ee728b)  -> (artifact id: '93cd6c2d9688f708177a29a81e5b5024') in 0.020854 seconds 
========================================================================
Received Import Request.
  Time since last request: 0.000025 seconds.
  path: Assets/Polygon-Lite Survival Collection/Models/SM_Chuck_Pistol_Box_9_CLOSED.fbx
  artifactKey: Guid(960c695c11b51b34a8f473b608aa3196) Importer(815301076,1909f56bfc062723c751e8b465ee728b)
Start importing Assets/Polygon-Lite Survival Collection/Models/SM_Chuck_Pistol_Box_9_CLOSED.fbx using Guid(960c695c11b51b34a8f473b608aa3196) Importer(815301076,1909f56bfc062723c751e8b465ee728b)  -> (artifact id: 'ab60e97f9d815cb33c88cb60fb231aa6') in 0.028733 seconds 
========================================================================
Received Import Request.
  Time since last request: 0.000024 seconds.
  path: Assets/Polygon-Lite Survival Collection/Models/SM_Magazine_For_Special_Submachine_Gun.fbx
  artifactKey: Guid(44a85a5c9c57e7c4c9bf6f7d4f71de5e) Importer(815301076,1909f56bfc062723c751e8b465ee728b)
Start importing Assets/Polygon-Lite Survival Collection/Models/SM_Magazine_For_Special_Submachine_Gun.fbx using Guid(44a85a5c9c57e7c4c9bf6f7d4f71de5e) Importer(815301076,1909f56bfc062723c751e8b465ee728b)  -> (artifact id: 'c9dec16b314e8c94fa7ce8ad86cf87e5') in 0.042518 seconds 
========================================================================
Received Import Request.
  Time since last request: 0.000032 seconds.
  path: Assets/Polygon-Lite Survival Collection/Models/Flask.fbx
  artifactKey: Guid(0c70a1c8c591d1f4caf785297bccc393) Importer(815301076,1909f56bfc062723c751e8b465ee728b)
Start importing Assets/Polygon-Lite Survival Collection/Models/Flask.fbx using Guid(0c70a1c8c591d1f4caf785297bccc393) Importer(815301076,1909f56bfc062723c751e8b465ee728b)  -> (artifact id: '8b575440a235c5b28d332ae1fc7958ae') in 0.022758 seconds 
========================================================================
Received Import Request.
  Time since last request: 0.000061 seconds.
  path: Assets/Polygon-Lite Survival Collection/Models/SM_HOOK_FOR_Fishing_Rod_02.fbx
  artifactKey: Guid(ff5607038b4f5e5448b74feeef946c57) Importer(815301076,1909f56bfc062723c751e8b465ee728b)
Start importing Assets/Polygon-Lite Survival Collection/Models/SM_HOOK_FOR_Fishing_Rod_02.fbx using Guid(ff5607038b4f5e5448b74feeef946c57) Importer(815301076,1909f56bfc062723c751e8b465ee728b)  -> (artifact id: '46c935c7d58bfc6d123acd2f2b9902c0') in 0.039477 seconds 
========================================================================
Received Import Request.
  Time since last request: 0.000051 seconds.
  path: Assets/Polygon-Lite Survival Collection/Models/SM_Chainsaw.fbx
  artifactKey: Guid(b5f61d261ce1bad449dd30fb4ee37591) Importer(815301076,1909f56bfc062723c751e8b465ee728b)
Start importing Assets/Polygon-Lite Survival Collection/Models/SM_Chainsaw.fbx using Guid(b5f61d261ce1bad449dd30fb4ee37591) Importer(815301076,1909f56bfc062723c751e8b465ee728b)  -> (artifact id: '022140c5131e03dd2ce162df9b3dab04') in 0.017797 seconds 
========================================================================
Received Import Request.
  Time since last request: 0.000044 seconds.
  path: Assets/Polygon-Lite Survival Collection/Models/SM_Chuck_Pistol_Box_9_EMPTY.fbx
  artifactKey: Guid(9942aaf2e61908a4fa3b6a8939ff52f9) Importer(815301076,1909f56bfc062723c751e8b465ee728b)
Start importing Assets/Polygon-Lite Survival Collection/Models/SM_Chuck_Pistol_Box_9_EMPTY.fbx using Guid(9942aaf2e61908a4fa3b6a8939ff52f9) Importer(815301076,1909f56bfc062723c751e8b465ee728b)  -> (artifact id: '31b041fba1072fc4b441d5a7727f8e03') in 0.021223 seconds 
========================================================================
Received Import Request.
  Time since last request: 0.000030 seconds.
  path: Assets/Polygon-Lite Survival Collection/Models/SM_Collimator_Sight_B_01.fbx
  artifactKey: Guid(e781d9745bdf3114998561b8c9601e84) Importer(815301076,1909f56bfc062723c751e8b465ee728b)
Start importing Assets/Polygon-Lite Survival Collection/Models/SM_Collimator_Sight_B_01.fbx using Guid(e781d9745bdf3114998561b8c9601e84) Importer(815301076,1909f56bfc062723c751e8b465ee728b)  -> (artifact id: '45e2a2b6a74e06439051e21e7fdb8d02') in 0.020992 seconds 
========================================================================
Received Import Request.
  Time since last request: 0.000025 seconds.
  path: Assets/Polygon-Lite Survival Collection/Models/Homemade_Medical_Splint.fbx
  artifactKey: Guid(27f2230ae424a774da3151968540aac8) Importer(815301076,1909f56bfc062723c751e8b465ee728b)
Start importing Assets/Polygon-Lite Survival Collection/Models/Homemade_Medical_Splint.fbx using Guid(27f2230ae424a774da3151968540aac8) Importer(815301076,1909f56bfc062723c751e8b465ee728b)  -> (artifact id: '417f72addec681ac4e07b7b6046af245') in 0.021931 seconds 
========================================================================
Received Import Request.
  Time since last request: 0.000034 seconds.
  path: Assets/Polygon-Lite Survival Collection/Models/Orange_01.fbx
  artifactKey: Guid(b4600eac96d6d584aae3bb5799e75c4b) Importer(815301076,1909f56bfc062723c751e8b465ee728b)
Start importing Assets/Polygon-Lite Survival Collection/Models/Orange_01.fbx using Guid(b4600eac96d6d584aae3bb5799e75c4b) Importer(815301076,1909f56bfc062723c751e8b465ee728b)  -> (artifact id: '0648e83684224102d7fde1381792c22b') in 0.025698 seconds 
========================================================================
Received Import Request.
  Time since last request: 0.000045 seconds.
  path: Assets/Polygon-Lite Survival Collection/Models/SM_GAS_CYLINDER_02.fbx
  artifactKey: Guid(5270a6afc871e2349a22b548c09c19b2) Importer(815301076,1909f56bfc062723c751e8b465ee728b)
Start importing Assets/Polygon-Lite Survival Collection/Models/SM_GAS_CYLINDER_02.fbx using Guid(5270a6afc871e2349a22b548c09c19b2) Importer(815301076,1909f56bfc062723c751e8b465ee728b)  -> (artifact id: 'fa89371bcda1070aa307540a2631135d') in 0.030148 seconds 
========================================================================
Received Import Request.
  Time since last request: 0.000038 seconds.
  path: Assets/Polygon-Lite Survival Collection/Models/SM_Pallet_01.fbx
  artifactKey: Guid(23812c7450364f348b94df111a8a6213) Importer(815301076,1909f56bfc062723c751e8b465ee728b)
Start importing Assets/Polygon-Lite Survival Collection/Models/SM_Pallet_01.fbx using Guid(23812c7450364f348b94df111a8a6213) Importer(815301076,1909f56bfc062723c751e8b465ee728b)  -> (artifact id: 'fccabc9eae033264cef79325940c404d') in 0.024450 seconds 
========================================================================
Received Import Request.
  Time since last request: 0.000031 seconds.
  path: Assets/Polygon-Lite Survival Collection/Models/Pan.fbx
  artifactKey: Guid(437d238391a5cc14f8d1f9d229af4592) Importer(815301076,1909f56bfc062723c751e8b465ee728b)
Start importing Assets/Polygon-Lite Survival Collection/Models/Pan.fbx using Guid(437d238391a5cc14f8d1f9d229af4592) Importer(815301076,1909f56bfc062723c751e8b465ee728b)  -> (artifact id: '3c0b1f074924dacc6bffdcec9eba8ba7') in 0.020842 seconds 
========================================================================
Received Import Request.
  Time since last request: 0.000038 seconds.
  path: Assets/Polygon-Lite Survival Collection/Models/SM_FLATCHE.fbx
  artifactKey: Guid(34aa33e6e98a0ab46aacad99f49ade21) Importer(815301076,1909f56bfc062723c751e8b465ee728b)
Start importing Assets/Polygon-Lite Survival Collection/Models/SM_FLATCHE.fbx using Guid(34aa33e6e98a0ab46aacad99f49ade21) Importer(815301076,1909f56bfc062723c751e8b465ee728b)  -> (artifact id: 'a02848e43314f6484c1a259661254a1e') in 0.021624 seconds 
========================================================================
Received Import Request.
  Time since last request: 0.000044 seconds.
  path: Assets/Polygon-Lite Survival Collection/Models/SM_Magazine_For_Special_Submachine_Gun_Empty.fbx
  artifactKey: Guid(d3135b9e66d44344da8e767529d81e84) Importer(815301076,1909f56bfc062723c751e8b465ee728b)
Start importing Assets/Polygon-Lite Survival Collection/Models/SM_Magazine_For_Special_Submachine_Gun_Empty.fbx using Guid(d3135b9e66d44344da8e767529d81e84) Importer(815301076,1909f56bfc062723c751e8b465ee728b)  -> (artifact id: '237938a3cc47c796a29e7802d0952cac') in 0.022362 seconds 
========================================================================
Received Import Request.
  Time since last request: 0.000033 seconds.
  path: Assets/Polygon-Lite Survival Collection/Models/SM_Muffler_04.fbx
  artifactKey: Guid(ff1ba4cc01c75b84bbe33098192de74c) Importer(815301076,1909f56bfc062723c751e8b465ee728b)
Start importing Assets/Polygon-Lite Survival Collection/Models/SM_Muffler_04.fbx using Guid(ff1ba4cc01c75b84bbe33098192de74c) Importer(815301076,1909f56bfc062723c751e8b465ee728b)  -> (artifact id: 'f86bf62e453f332fe6e7882a60336443') in 0.029640 seconds 
Editor requested this worker to shutdown with reason: Scaling down because of idle timeout
AssetImportWorker is now disconnected from the server
Process exiting
Exiting without the bug reporter. Application will terminate with return code 0