Using pre-set license
Built from '2021.3/staging' branch; Version is '2021.3.11f1 (0a5ca18544bf) revision 679073'; Using compiler version '192829333'; Build Type 'Release'
OS: 'Windows 10  (10.0.19043) 64bit Core' Language: 'ja' Physical Memory: 15789 MB
BatchMode: 1, IsHumanControllingUs: 0, StartBugReporterOnCrash: 0, Is64bit: 1, IsPro: 1

COMMAND LINE ARGUMENTS:
C:\Program Files\Unity\Hub\Editor\2021.3.11f1\Editor\Unity.exe
-adb2
-batchMode
-noUpm
-name
AssetImportWorker2
-projectPath
C:/Users/kbc21b19/Desktop/SurvivalGame/unitySurvival
-logFile
Logs/AssetImportWorker2.log
-srvPort
62328
Successfully changed project path to: C:/Users/kbc21b19/Desktop/SurvivalGame/unitySurvival
C:/Users/kbc21b19/Desktop/SurvivalGame/unitySurvival
[UnityMemory] Configuration Parameters - Can be set up in boot.config
    "memorysetup-bucket-allocator-granularity=16"
    "memorysetup-bucket-allocator-bucket-count=8"
    "memorysetup-bucket-allocator-block-size=33554432"
    "memorysetup-bucket-allocator-block-count=8"
    "memorysetup-main-allocator-block-size=16777216"
    "memorysetup-thread-allocator-block-size=16777216"
    "memorysetup-gfx-main-allocator-block-size=16777216"
    "memorysetup-gfx-thread-allocator-block-size=16777216"
    "memorysetup-cache-allocator-block-size=4194304"
    "memorysetup-typetree-allocator-block-size=2097152"
    "memorysetup-profiler-bucket-allocator-granularity=16"
    "memorysetup-profiler-bucket-allocator-bucket-count=8"
    "memorysetup-profiler-bucket-allocator-block-size=33554432"
    "memorysetup-profiler-bucket-allocator-block-count=8"
    "memorysetup-profiler-allocator-block-size=16777216"
    "memorysetup-profiler-editor-allocator-block-size=1048576"
    "memorysetup-temp-allocator-size-main=16777216"
    "memorysetup-job-temp-allocator-block-size=2097152"
    "memorysetup-job-temp-allocator-block-size-background=1048576"
    "memorysetup-job-temp-allocator-reduction-small-platforms=262144"
    "memorysetup-temp-allocator-size-background-worker=32768"
    "memorysetup-temp-allocator-size-job-worker=262144"
    "memorysetup-temp-allocator-size-preload-manager=33554432"
    "memorysetup-temp-allocator-size-nav-mesh-worker=65536"
    "memorysetup-temp-allocator-size-audio-worker=65536"
    "memorysetup-temp-allocator-size-cloud-worker=32768"
    "memorysetup-temp-allocator-size-gi-baking-worker=262144"
    "memorysetup-temp-allocator-size-gfx=262144"
Refreshing native plugins compatible for Editor in 104.01 ms, found 3 plugins.
Preloading 0 native plugins for Editor in 0.00 ms.
Initialize engine version: 2021.3.11f1 (0a5ca18544bf)
[Subsystems] Discovering subsystems at path C:/Program Files/Unity/Hub/Editor/2021.3.11f1/Editor/Data/Resources/UnitySubsystems
[Subsystems] Discovering subsystems at path C:/Users/kbc21b19/Desktop/SurvivalGame/unitySurvival/Assets
GfxDevice: creating device client; threaded=0; jobified=0
Direct3D:
    Version:  Direct3D 11.0 [level 11.1]
    Renderer: NVIDIA GeForce RTX 2060 (ID=0x1f15)
    Vendor:   NVIDIA
    VRAM:     5980 MB
    Driver:   31.0.15.1700
Initialize mono
Mono path[0] = 'C:/Program Files/Unity/Hub/Editor/2021.3.11f1/Editor/Data/Managed'
Mono path[1] = 'C:/Program Files/Unity/Hub/Editor/2021.3.11f1/Editor/Data/MonoBleedingEdge/lib/mono/unityjit-win32'
Mono config path = 'C:/Program Files/Unity/Hub/Editor/2021.3.11f1/Editor/Data/MonoBleedingEdge/etc'
Using monoOptions --debugger-agent=transport=dt_socket,embedding=1,server=y,suspend=n,address=127.0.0.1:56612
Begin MonoManager ReloadAssembly
Registering precompiled unity dll's ...
Register platform support module: C:/Program Files/Unity/Hub/Editor/2021.3.11f1/Editor/Data/PlaybackEngines/AndroidPlayer/UnityEditor.Android.Extensions.dll
Register platform support module: C:/Program Files/Unity/Hub/Editor/2021.3.11f1/Editor/Data/PlaybackEngines/WindowsStandaloneSupport/UnityEditor.WindowsStandalone.Extensions.dll
Registered in 0.013084 seconds.
Native extension for WindowsStandalone target not found
Native extension for Android target not found
Refreshing native plugins compatible for Editor in 72.77 ms, found 3 plugins.
Preloading 0 native plugins for Editor in 0.00 ms.
Mono: successfully reloaded assembly
- Completed reload, in  0.826 seconds
Domain Reload Profiling:
	ReloadAssembly (826ms)
		BeginReloadAssembly (157ms)
			ExecutionOrderSort (0ms)
			DisableScriptedObjects (0ms)
			BackupInstance (0ms)
			ReleaseScriptingObjects (0ms)
			CreateAndSetChildDomain (1ms)
		EndReloadAssembly (486ms)
			LoadAssemblies (152ms)
			RebuildTransferFunctionScriptingTraits (0ms)
			SetupTypeCache (104ms)
			ReleaseScriptCaches (0ms)
			RebuildScriptCaches (34ms)
			SetupLoadedEditorAssemblies (294ms)
				LogAssemblyErrors (0ms)
				InitializePlatformSupportModulesInManaged (70ms)
				SetLoadedEditorAssemblies (0ms)
				RefreshPlugins (73ms)
				BeforeProcessingInitializeOnLoad (1ms)
				ProcessInitializeOnLoadAttributes (103ms)
				ProcessInitializeOnLoadMethodAttributes (48ms)
				AfterProcessingInitializeOnLoad (0ms)
				EditorAssembliesLoaded (0ms)
			ExecutionOrderSort2 (0ms)
			AwakeInstancesAfterBackupRestoration (0ms)
Platform modules already initialized, skipping
Registering precompiled user dll's ...
Registered in 0.006647 seconds.
Begin MonoManager ReloadAssembly
Symbol file LoadedFromMemory doesn't match image C:\Users\kbc21b19\Desktop\SurvivalGame\unitySurvival\Library\PackageCache\com.unity.visualscripting@1.7.8\Editor\VisualScripting.Core\Dependencies\YamlDotNet\Unity.VisualScripting.YamlDotNet.dll
Symbol file LoadedFromMemory doesn't match image C:\Users\kbc21b19\Desktop\SurvivalGame\unitySurvival\Library\PackageCache\com.unity.visualscripting@1.7.8\Editor\VisualScripting.Core\Dependencies\DotNetZip\Unity.VisualScripting.IonicZip.dll
Native extension for WindowsStandalone target not found
Native extension for Android target not found
Refreshing native plugins compatible for Editor in 0.77 ms, found 3 plugins.
Preloading 0 native plugins for Editor in 0.00 ms.
Mono: successfully reloaded assembly
- Completed reload, in  1.230 seconds
Domain Reload Profiling:
	ReloadAssembly (1231ms)
		BeginReloadAssembly (217ms)
			ExecutionOrderSort (0ms)
			DisableScriptedObjects (5ms)
			BackupInstance (0ms)
			ReleaseScriptingObjects (0ms)
			CreateAndSetChildDomain (119ms)
		EndReloadAssembly (900ms)
			LoadAssemblies (94ms)
			RebuildTransferFunctionScriptingTraits (0ms)
			SetupTypeCache (259ms)
			ReleaseScriptCaches (1ms)
			RebuildScriptCaches (62ms)
			SetupLoadedEditorAssemblies (436ms)
				LogAssemblyErrors (0ms)
				InitializePlatformSupportModulesInManaged (20ms)
				SetLoadedEditorAssemblies (1ms)
				RefreshPlugins (1ms)
				BeforeProcessingInitializeOnLoad (127ms)
				ProcessInitializeOnLoadAttributes (247ms)
				ProcessInitializeOnLoadMethodAttributes (31ms)
				AfterProcessingInitializeOnLoad (9ms)
				EditorAssembliesLoaded (0ms)
			ExecutionOrderSort2 (0ms)
			AwakeInstancesAfterBackupRestoration (5ms)
Platform modules already initialized, skipping
========================================================================
Worker process is ready to serve import requests
Launched and connected shader compiler UnityShaderCompiler.exe after 0.05 seconds
Refreshing native plugins compatible for Editor in 1.41 ms, found 3 plugins.
Preloading 0 native plugins for Editor in 0.00 ms.
Unloading 3391 Unused Serialized files (Serialized files now loaded: 0)
Unloading 25 unused Assets / (56.3 KB). Loaded Objects now: 3871.
Memory consumption went from 130.5 MB to 130.5 MB.
Total: 3.227700 ms (FindLiveObjects: 0.361900 ms CreateObjectMapping: 0.126800 ms MarkObjects: 2.643300 ms  DeleteObjects: 0.093900 ms)

AssetImportParameters requested are different than current active one (requested -> active):
  custom:video-decoder-ogg-theora: a1e56fd34408186e4bbccfd4996cb3dc -> 
  custom:container-muxer-webm: aa71ff27fc2769a1b78a27578f13a17b -> 
  custom:container-demuxer-webm: 4f35f7cbe854078d1ac9338744f61a02 -> 
  custom:video-encoder-webm-vp8: eb34c28f22e8b96e1ab97ce403110664 -> 
  custom:video-codec-MediaFoundation-h265: 746d11721c4dcdbdad8f713fa42b33f4 -> 
  custom:audio-encoder-webm-vorbis: bf7c407c2cedff20999df2af8eb42d56 -> 
  custom:framework-win-MediaFoundation: 216162199b28c13a410421893ffa2e32 -> 
  custom:container-demuxer-ogg: 62fdf1f143b41e24485cea50d1cbac27 -> 
  custom:video-decoder-webm-vp8: 9c59270c3fd7afecdb556c50c9e8de78 -> 
  custom:audio-decoder-ogg-vorbis: bf7c407c2cedff20999df2af8eb42d56 -> 
========================================================================
Received Import Request.
  Time since last request: 393395.258071 seconds.
  path: Assets/3D Haven/Free Fantasy Terrain Textures/Documentation
  artifactKey: Guid(54fc6c6ab4f00da4b89a42c8c79009d3) Importer(815301076,1909f56bfc062723c751e8b465ee728b)
Start importing Assets/3D Haven/Free Fantasy Terrain Textures/Documentation using Guid(54fc6c6ab4f00da4b89a42c8c79009d3) Importer(815301076,1909f56bfc062723c751e8b465ee728b)  -> (artifact id: 'a8d78a768a182422a8caf66c819b1ee5') in 0.011043 seconds 
========================================================================
Received Import Request.
  Time since last request: 3.216965 seconds.
  path: Assets/3D Haven/Free Fantasy Terrain Textures/Textures/512 Resolution/3DH FTT Cliff_001 512.png
  artifactKey: Guid(52ac2f0d3701b244e9cdb2c827e5a26e) Importer(815301076,1909f56bfc062723c751e8b465ee728b)
Start importing Assets/3D Haven/Free Fantasy Terrain Textures/Textures/512 Resolution/3DH FTT Cliff_001 512.png using Guid(52ac2f0d3701b244e9cdb2c827e5a26e) Importer(815301076,1909f56bfc062723c751e8b465ee728b)  -> (artifact id: 'baa57a6b11cc166c04fd0f80ebb891dd') in 0.099631 seconds 
========================================================================
Received Import Request.
  Time since last request: 0.000031 seconds.
  path: Assets/3D Haven/Free Fantasy Terrain Textures/Textures/512 Resolution/3DH FTT Rocks_001 512.png
  artifactKey: Guid(7198870afb04d514d9c69bf52fe69607) Importer(815301076,1909f56bfc062723c751e8b465ee728b)
Start importing Assets/3D Haven/Free Fantasy Terrain Textures/Textures/512 Resolution/3DH FTT Rocks_001 512.png using Guid(7198870afb04d514d9c69bf52fe69607) Importer(815301076,1909f56bfc062723c751e8b465ee728b)  -> (artifact id: 'd9b5741686f5d8eb5fd2fc93a098b087') in 0.021952 seconds 
========================================================================
Received Import Request.
  Time since last request: 0.000045 seconds.
  path: Assets/3D Haven/Free Fantasy Terrain Textures/Textures/512 Resolution/3DH FTT Rocks_001_Mossy 512.png
  artifactKey: Guid(de43761ab1ee3844db1d820dd91ea7d8) Importer(815301076,1909f56bfc062723c751e8b465ee728b)
Start importing Assets/3D Haven/Free Fantasy Terrain Textures/Textures/512 Resolution/3DH FTT Rocks_001_Mossy 512.png using Guid(de43761ab1ee3844db1d820dd91ea7d8) Importer(815301076,1909f56bfc062723c751e8b465ee728b)  -> (artifact id: '0d717da6d3139665d7c5207b1a011f63') in 0.021244 seconds 
========================================================================
Received Import Request.
  Time since last request: 0.000036 seconds.
  path: Assets/3D Haven/Free Fantasy Terrain Textures/Textures/512 Resolution/3DH FTT Grass_002 Grass_001a 512.png
  artifactKey: Guid(d9470477fefdd8242ab17cb54b821558) Importer(815301076,1909f56bfc062723c751e8b465ee728b)
Start importing Assets/3D Haven/Free Fantasy Terrain Textures/Textures/512 Resolution/3DH FTT Grass_002 Grass_001a 512.png using Guid(d9470477fefdd8242ab17cb54b821558) Importer(815301076,1909f56bfc062723c751e8b465ee728b)  -> (artifact id: '736314cf8a4d83861d9737167143fc81') in 0.022526 seconds 
========================================================================
Received Import Request.
  Time since last request: 18.267438 seconds.
  path: Assets/Polygon-Lite Survival Collection/Models/SM_Pallet_03.fbx
  artifactKey: Guid(a4e716dc033017f4b8f3fe9be3dd65cc) Importer(815301076,1909f56bfc062723c751e8b465ee728b)
Start importing Assets/Polygon-Lite Survival Collection/Models/SM_Pallet_03.fbx using Guid(a4e716dc033017f4b8f3fe9be3dd65cc) Importer(815301076,1909f56bfc062723c751e8b465ee728b)  -> (artifact id: 'b6c821bb54cea302ce7d631e92c18328') in 0.127238 seconds 
========================================================================
Received Import Request.
  Time since last request: 2.476713 seconds.
  path: Assets/Polygon-Lite Survival Collection/Models/SM_Scrap_Metal_03.fbx
  artifactKey: Guid(804c9c6df5d056e4da0e9b1081a86e39) Importer(815301076,1909f56bfc062723c751e8b465ee728b)
Start importing Assets/Polygon-Lite Survival Collection/Models/SM_Scrap_Metal_03.fbx using Guid(804c9c6df5d056e4da0e9b1081a86e39) Importer(815301076,1909f56bfc062723c751e8b465ee728b)  -> (artifact id: '8cd230e3cdaa22e4e2d9155c8717599c') in 0.024467 seconds 
========================================================================
Received Import Request.
  Time since last request: 0.000032 seconds.
  path: Assets/Polygon-Lite Survival Collection/Models/SM_Tactical_Block.fbx
  artifactKey: Guid(f9a7df9a690a1bc4e90e9786a384bfeb) Importer(815301076,1909f56bfc062723c751e8b465ee728b)
Start importing Assets/Polygon-Lite Survival Collection/Models/SM_Tactical_Block.fbx using Guid(f9a7df9a690a1bc4e90e9786a384bfeb) Importer(815301076,1909f56bfc062723c751e8b465ee728b)  -> (artifact id: '848a472069108dfa02cf7fe962b30a8a') in 0.029808 seconds 
========================================================================
Received Import Request.
  Time since last request: 0.000038 seconds.
  path: Assets/Polygon-Lite Survival Collection/Models/SM_Woods_03.fbx
  artifactKey: Guid(24caef715a3de7e468da370d55781816) Importer(815301076,1909f56bfc062723c751e8b465ee728b)
Start importing Assets/Polygon-Lite Survival Collection/Models/SM_Woods_03.fbx using Guid(24caef715a3de7e468da370d55781816) Importer(815301076,1909f56bfc062723c751e8b465ee728b)  -> (artifact id: '398d6e076b0d2b7367bb60b3d003ce82') in 0.026189 seconds 
========================================================================
Received Import Request.
  Time since last request: 0.546883 seconds.
  path: Assets/Polygon-Lite Survival Collection/Models/Small_Canned_Food_C_03.fbx
  artifactKey: Guid(c1474394c9ecac843a0f4c44e895f353) Importer(815301076,1909f56bfc062723c751e8b465ee728b)
Start importing Assets/Polygon-Lite Survival Collection/Models/Small_Canned_Food_C_03.fbx using Guid(c1474394c9ecac843a0f4c44e895f353) Importer(815301076,1909f56bfc062723c751e8b465ee728b)  -> (artifact id: 'e40bcb9cb58cf53968781fab7e80aac4') in 0.018793 seconds 
========================================================================
Received Import Request.
  Time since last request: 46.672194 seconds.
  path: Assets/Fantasy Forest Set/Sources/Materials/Grass-2.mat
  artifactKey: Guid(c94fef2182f3f6d499a329eaa37a020f) Importer(815301076,1909f56bfc062723c751e8b465ee728b)
Start importing Assets/Fantasy Forest Set/Sources/Materials/Grass-2.mat using Guid(c94fef2182f3f6d499a329eaa37a020f) Importer(815301076,1909f56bfc062723c751e8b465ee728b)  -> (artifact id: '0edcf7a87542b4d82241ab0e9c1f8495') in 0.044977 seconds 
========================================================================
Received Import Request.
  Time since last request: 0.000034 seconds.
  path: Assets/Cartoon_Texture_Pack/SAND/SAND_Underwater/Materials/Sand_Underwater_Base.mat
  artifactKey: Guid(e55445e0da1f0a24ab59dba263813e61) Importer(815301076,1909f56bfc062723c751e8b465ee728b)
Start importing Assets/Cartoon_Texture_Pack/SAND/SAND_Underwater/Materials/Sand_Underwater_Base.mat using Guid(e55445e0da1f0a24ab59dba263813e61) Importer(815301076,1909f56bfc062723c751e8b465ee728b)  -> (artifact id: '100ab7df1226b644a6c9eb6c334dc4bc') in 0.678892 seconds 
========================================================================
Received Import Request.
  Time since last request: 0.000052 seconds.
  path: Assets/Fantasy Forest Set/Sources/Materials/Terrain-3.mat
  artifactKey: Guid(b4ca651da3cba5a4d989a81f3e82d30c) Importer(815301076,1909f56bfc062723c751e8b465ee728b)
Start importing Assets/Fantasy Forest Set/Sources/Materials/Terrain-3.mat using Guid(b4ca651da3cba5a4d989a81f3e82d30c) Importer(815301076,1909f56bfc062723c751e8b465ee728b)  -> (artifact id: 'f062888353b84a45843d1d1aa765f703') in 0.267963 seconds 
========================================================================
Received Import Request.
  Time since last request: 0.000046 seconds.
  path: Assets/Fantasy Forest Set/Sources/Materials/Oak.mat
  artifactKey: Guid(7b27c5c9d5959654a898099cddf14b23) Importer(815301076,1909f56bfc062723c751e8b465ee728b)
Start importing Assets/Fantasy Forest Set/Sources/Materials/Oak.mat using Guid(7b27c5c9d5959654a898099cddf14b23) Importer(815301076,1909f56bfc062723c751e8b465ee728b)  -> (artifact id: '3aea28449667748e1574190502004040') in 0.074671 seconds 
========================================================================
Received Import Request.
  Time since last request: 0.000055 seconds.
  path: Assets/Fantasy Forest Set/Sources/Materials/Terrain-4.mat
  artifactKey: Guid(7363d6f5ea92c39489bc580aec6d6c6d) Importer(815301076,1909f56bfc062723c751e8b465ee728b)
Start importing Assets/Fantasy Forest Set/Sources/Materials/Terrain-4.mat using Guid(7363d6f5ea92c39489bc580aec6d6c6d) Importer(815301076,1909f56bfc062723c751e8b465ee728b)  -> (artifact id: '30457e8c4f426c1b515d889422894276') in 0.022077 seconds 
========================================================================
Received Import Request.
  Time since last request: 330.835489 seconds.
  path: Assets/Sprite
  artifactKey: Guid(a21960807a4cee64b9f6c948960f77d3) Importer(815301076,1909f56bfc062723c751e8b465ee728b)
Start importing Assets/Sprite using Guid(a21960807a4cee64b9f6c948960f77d3) Importer(815301076,1909f56bfc062723c751e8b465ee728b)  -> (artifact id: '7afad7b1881cac8970fbbc09ba48ca68') in 0.002603 seconds 
========================================================================
Received Import Request.
  Time since last request: 4.444347 seconds.
  path: Assets/Sprite/wood.png
  artifactKey: Guid(6644b79d2034155469dd29b04b0e1f15) Importer(815301076,1909f56bfc062723c751e8b465ee728b)
Start importing Assets/Sprite/wood.png using Guid(6644b79d2034155469dd29b04b0e1f15) Importer(815301076,1909f56bfc062723c751e8b465ee728b)  -> (artifact id: 'bc971a5fcd65e89b66a5625a836b71df') in 0.017425 seconds 
========================================================================
Received Import Request.
  Time since last request: 12.623448 seconds.
  path: Assets/ItemData/Item/Apple.asset
  artifactKey: Guid(61a37ff0b946df04a8d6d6ab4db788e9) Importer(815301076,1909f56bfc062723c751e8b465ee728b)
Start importing Assets/ItemData/Item/Apple.asset using Guid(61a37ff0b946df04a8d6d6ab4db788e9) Importer(815301076,1909f56bfc062723c751e8b465ee728b)  -> (artifact id: '82593a993f08ef0ae76bf7eb7f8fe09e') in 0.009168 seconds 
========================================================================
Received Import Request.
  Time since last request: 0.001776 seconds.
  path: Assets/ItemData/Item/Cup.asset
  artifactKey: Guid(60976d4cf7b79854e92805ae75be2122) Importer(815301076,1909f56bfc062723c751e8b465ee728b)
Start importing Assets/ItemData/Item/Cup.asset using Guid(60976d4cf7b79854e92805ae75be2122) Importer(815301076,1909f56bfc062723c751e8b465ee728b)  -> (artifact id: '0b6650abb37510d8962c46bbcc58eeb3') in 0.004900 seconds 
========================================================================
Received Import Request.
  Time since last request: 0.001623 seconds.
  path: Assets/ItemData/Item/FishingRod.asset
  artifactKey: Guid(c058ba71d1e6ef140bd146a3e93a1438) Importer(815301076,1909f56bfc062723c751e8b465ee728b)
Start importing Assets/ItemData/Item/FishingRod.asset using Guid(c058ba71d1e6ef140bd146a3e93a1438) Importer(815301076,1909f56bfc062723c751e8b465ee728b)  -> (artifact id: 'e6fb826d83f018bd4532e593fc659e08') in 0.005372 seconds 
========================================================================
Received Import Request.
  Time since last request: 0.000033 seconds.
  path: Assets/ItemData/Item/Seawater.asset
  artifactKey: Guid(412b6ffc32c4d4c468c75ad8c960c862) Importer(815301076,1909f56bfc062723c751e8b465ee728b)
Start importing Assets/ItemData/Item/Seawater.asset using Guid(412b6ffc32c4d4c468c75ad8c960c862) Importer(815301076,1909f56bfc062723c751e8b465ee728b)  -> (artifact id: '4cf4b3cc0ee36532ec4cdb6667a375cf') in 0.004868 seconds 
========================================================================
Received Import Request.
  Time since last request: 0.000035 seconds.
  path: Assets/ItemData/Item/Wood.asset
  artifactKey: Guid(40b0ea233b13c924398bdaf7f9677466) Importer(815301076,1909f56bfc062723c751e8b465ee728b)
Start importing Assets/ItemData/Item/Wood.asset using Guid(40b0ea233b13c924398bdaf7f9677466) Importer(815301076,1909f56bfc062723c751e8b465ee728b)  -> (artifact id: '8bbb99b6c0fdaecd95aca97667b262a3') in 0.024329 seconds 
========================================================================
Received Import Request.
  Time since last request: 0.000063 seconds.
  path: Assets/ItemData/Item/WaterFilter.asset
  artifactKey: Guid(59c22c32311389841b9ba8364029e68d) Importer(815301076,1909f56bfc062723c751e8b465ee728b)
Start importing Assets/ItemData/Item/WaterFilter.asset using Guid(59c22c32311389841b9ba8364029e68d) Importer(815301076,1909f56bfc062723c751e8b465ee728b)  -> (artifact id: 'b941691b69d0f6ed3be354caafc2d643') in 0.008344 seconds 
========================================================================
Received Import Request.
  Time since last request: 0.000047 seconds.
  path: Assets/ItemData/Item/Grass.asset
  artifactKey: Guid(a8006d259d19cdf4c85439a50fbc5866) Importer(815301076,1909f56bfc062723c751e8b465ee728b)
Start importing Assets/ItemData/Item/Grass.asset using Guid(a8006d259d19cdf4c85439a50fbc5866) Importer(815301076,1909f56bfc062723c751e8b465ee728b)  -> (artifact id: 'a6c11c4e17e944fd14bb662f725b7980') in 0.013815 seconds 
========================================================================
Received Import Request.
  Time since last request: 0.000025 seconds.
  path: Assets/ItemData/Item/ElectroniComponent.asset
  artifactKey: Guid(da228181cfd92d14eb354eb35c20c904) Importer(815301076,1909f56bfc062723c751e8b465ee728b)
Start importing Assets/ItemData/Item/ElectroniComponent.asset using Guid(da228181cfd92d14eb354eb35c20c904) Importer(815301076,1909f56bfc062723c751e8b465ee728b)  -> (artifact id: '7b744dfb0b4e6def5a1f51d1aba8b0ee') in 0.005088 seconds 
========================================================================
Received Import Request.
  Time since last request: 0.000028 seconds.
  path: Assets/ItemData/Item/plastic.asset
  artifactKey: Guid(b6b00f3e793fbe24f894ccbecd8b8354) Importer(815301076,1909f56bfc062723c751e8b465ee728b)
Start importing Assets/ItemData/Item/plastic.asset using Guid(b6b00f3e793fbe24f894ccbecd8b8354) Importer(815301076,1909f56bfc062723c751e8b465ee728b)  -> (artifact id: '91aa00fa1ca8ebef7d258709a8c368f4') in 0.005331 seconds 
Editor requested this worker to shutdown with reason: Scaling down because of idle timeout
AssetImportWorker is now disconnected from the server
Process exiting
Exiting without the bug reporter. Application will terminate with return code 0