Using pre-set license
Built from '2021.3/staging' branch; Version is '2021.3.11f1 (0a5ca18544bf) revision 679073'; Using compiler version '192829333'; Build Type 'Release'
OS: 'Windows 10  (10.0.19043) 64bit Core' Language: 'ja' Physical Memory: 15789 MB
BatchMode: 1, IsHumanControllingUs: 0, StartBugReporterOnCrash: 0, Is64bit: 1, IsPro: 1

COMMAND LINE ARGUMENTS:
C:\Program Files\Unity\Hub\Editor\2021.3.11f1\Editor\Unity.exe
-adb2
-batchMode
-noUpm
-name
AssetImportWorker2
-projectPath
C:/Users/kbc21b19/Desktop/SurvivalGame/unitySurvival
-logFile
Logs/AssetImportWorker2.log
-srvPort
49963
Successfully changed project path to: C:/Users/kbc21b19/Desktop/SurvivalGame/unitySurvival
C:/Users/kbc21b19/Desktop/SurvivalGame/unitySurvival
[UnityMemory] Configuration Parameters - Can be set up in boot.config
    "memorysetup-bucket-allocator-granularity=16"
    "memorysetup-bucket-allocator-bucket-count=8"
    "memorysetup-bucket-allocator-block-size=33554432"
    "memorysetup-bucket-allocator-block-count=8"
    "memorysetup-main-allocator-block-size=16777216"
    "memorysetup-thread-allocator-block-size=16777216"
    "memorysetup-gfx-main-allocator-block-size=16777216"
    "memorysetup-gfx-thread-allocator-block-size=16777216"
    "memorysetup-cache-allocator-block-size=4194304"
    "memorysetup-typetree-allocator-block-size=2097152"
    "memorysetup-profiler-bucket-allocator-granularity=16"
    "memorysetup-profiler-bucket-allocator-bucket-count=8"
    "memorysetup-profiler-bucket-allocator-block-size=33554432"
    "memorysetup-profiler-bucket-allocator-block-count=8"
    "memorysetup-profiler-allocator-block-size=16777216"
    "memorysetup-profiler-editor-allocator-block-size=1048576"
    "memorysetup-temp-allocator-size-main=16777216"
    "memorysetup-job-temp-allocator-block-size=2097152"
    "memorysetup-job-temp-allocator-block-size-background=1048576"
    "memorysetup-job-temp-allocator-reduction-small-platforms=262144"
    "memorysetup-temp-allocator-size-background-worker=32768"
    "memorysetup-temp-allocator-size-job-worker=262144"
    "memorysetup-temp-allocator-size-preload-manager=33554432"
    "memorysetup-temp-allocator-size-nav-mesh-worker=65536"
    "memorysetup-temp-allocator-size-audio-worker=65536"
    "memorysetup-temp-allocator-size-cloud-worker=32768"
    "memorysetup-temp-allocator-size-gi-baking-worker=262144"
    "memorysetup-temp-allocator-size-gfx=262144"
Refreshing native plugins compatible for Editor in 75.28 ms, found 3 plugins.
Preloading 0 native plugins for Editor in 0.00 ms.
Initialize engine version: 2021.3.11f1 (0a5ca18544bf)
[Subsystems] Discovering subsystems at path C:/Program Files/Unity/Hub/Editor/2021.3.11f1/Editor/Data/Resources/UnitySubsystems
[Subsystems] Discovering subsystems at path C:/Users/kbc21b19/Desktop/SurvivalGame/unitySurvival/Assets
GfxDevice: creating device client; threaded=0; jobified=0
Direct3D:
    Version:  Direct3D 11.0 [level 11.1]
    Renderer: NVIDIA GeForce RTX 2060 (ID=0x1f15)
    Vendor:   NVIDIA
    VRAM:     5980 MB
    Driver:   30.0.15.1289
Initialize mono
Mono path[0] = 'C:/Program Files/Unity/Hub/Editor/2021.3.11f1/Editor/Data/Managed'
Mono path[1] = 'C:/Program Files/Unity/Hub/Editor/2021.3.11f1/Editor/Data/MonoBleedingEdge/lib/mono/unityjit-win32'
Mono config path = 'C:/Program Files/Unity/Hub/Editor/2021.3.11f1/Editor/Data/MonoBleedingEdge/etc'
Using monoOptions --debugger-agent=transport=dt_socket,embedding=1,server=y,suspend=n,address=127.0.0.1:56860
Begin MonoManager ReloadAssembly
Registering precompiled unity dll's ...
Register platform support module: C:/Program Files/Unity/Hub/Editor/2021.3.11f1/Editor/Data/PlaybackEngines/AndroidPlayer/UnityEditor.Android.Extensions.dll
Register platform support module: C:/Program Files/Unity/Hub/Editor/2021.3.11f1/Editor/Data/PlaybackEngines/WindowsStandaloneSupport/UnityEditor.WindowsStandalone.Extensions.dll
Registered in 0.013315 seconds.
Native extension for WindowsStandalone target not found
Native extension for Android target not found
Refreshing native plugins compatible for Editor in 70.97 ms, found 3 plugins.
Preloading 0 native plugins for Editor in 0.00 ms.
Mono: successfully reloaded assembly
- Completed reload, in  0.703 seconds
Domain Reload Profiling:
	ReloadAssembly (703ms)
		BeginReloadAssembly (87ms)
			ExecutionOrderSort (0ms)
			DisableScriptedObjects (0ms)
			BackupInstance (0ms)
			ReleaseScriptingObjects (0ms)
			CreateAndSetChildDomain (1ms)
		EndReloadAssembly (490ms)
			LoadAssemblies (83ms)
			RebuildTransferFunctionScriptingTraits (0ms)
			SetupTypeCache (114ms)
			ReleaseScriptCaches (0ms)
			RebuildScriptCaches (32ms)
			SetupLoadedEditorAssemblies (287ms)
				LogAssemblyErrors (0ms)
				InitializePlatformSupportModulesInManaged (59ms)
				SetLoadedEditorAssemblies (0ms)
				RefreshPlugins (71ms)
				BeforeProcessingInitializeOnLoad (1ms)
				ProcessInitializeOnLoadAttributes (107ms)
				ProcessInitializeOnLoadMethodAttributes (48ms)
				AfterProcessingInitializeOnLoad (0ms)
				EditorAssembliesLoaded (0ms)
			ExecutionOrderSort2 (0ms)
			AwakeInstancesAfterBackupRestoration (0ms)
Platform modules already initialized, skipping
Registering precompiled user dll's ...
Registered in 0.007646 seconds.
Begin MonoManager ReloadAssembly
Symbol file LoadedFromMemory doesn't match image C:\Users\kbc21b19\Desktop\SurvivalGame\unitySurvival\Library\PackageCache\com.unity.visualscripting@1.7.8\Editor\VisualScripting.Core\Dependencies\YamlDotNet\Unity.VisualScripting.YamlDotNet.dll
Symbol file LoadedFromMemory doesn't match image C:\Users\kbc21b19\Desktop\SurvivalGame\unitySurvival\Library\PackageCache\com.unity.visualscripting@1.7.8\Editor\VisualScripting.Core\Dependencies\DotNetZip\Unity.VisualScripting.IonicZip.dll
Native extension for WindowsStandalone target not found
Native extension for Android target not found
Refreshing native plugins compatible for Editor in 0.60 ms, found 3 plugins.
Preloading 0 native plugins for Editor in 0.00 ms.
Mono: successfully reloaded assembly
- Completed reload, in  1.396 seconds
Domain Reload Profiling:
	ReloadAssembly (1398ms)
		BeginReloadAssembly (308ms)
			ExecutionOrderSort (0ms)
			DisableScriptedObjects (11ms)
			BackupInstance (0ms)
			ReleaseScriptingObjects (0ms)
			CreateAndSetChildDomain (127ms)
		EndReloadAssembly (945ms)
			LoadAssemblies (129ms)
			RebuildTransferFunctionScriptingTraits (0ms)
			SetupTypeCache (259ms)
			ReleaseScriptCaches (1ms)
			RebuildScriptCaches (62ms)
			SetupLoadedEditorAssemblies (474ms)
				LogAssemblyErrors (0ms)
				InitializePlatformSupportModulesInManaged (20ms)
				SetLoadedEditorAssemblies (0ms)
				RefreshPlugins (1ms)
				BeforeProcessingInitializeOnLoad (98ms)
				ProcessInitializeOnLoadAttributes (291ms)
				ProcessInitializeOnLoadMethodAttributes (46ms)
				AfterProcessingInitializeOnLoad (18ms)
				EditorAssembliesLoaded (0ms)
			ExecutionOrderSort2 (0ms)
			AwakeInstancesAfterBackupRestoration (8ms)
Platform modules already initialized, skipping
========================================================================
Worker process is ready to serve import requests
Launched and connected shader compiler UnityShaderCompiler.exe after 0.10 seconds
Refreshing native plugins compatible for Editor in 0.75 ms, found 3 plugins.
Preloading 0 native plugins for Editor in 0.00 ms.
Unloading 3391 Unused Serialized files (Serialized files now loaded: 0)
Unloading 25 unused Assets / (56.3 KB). Loaded Objects now: 3871.
Memory consumption went from 130.5 MB to 130.4 MB.
Total: 3.600200 ms (FindLiveObjects: 0.348400 ms CreateObjectMapping: 0.138600 ms MarkObjects: 3.004100 ms  DeleteObjects: 0.107400 ms)

AssetImportParameters requested are different than current active one (requested -> active):
  custom:video-decoder-ogg-theora: a1e56fd34408186e4bbccfd4996cb3dc -> 
  custom:container-muxer-webm: aa71ff27fc2769a1b78a27578f13a17b -> 
  custom:container-demuxer-webm: 4f35f7cbe854078d1ac9338744f61a02 -> 
  custom:video-encoder-webm-vp8: eb34c28f22e8b96e1ab97ce403110664 -> 
  custom:video-codec-MediaFoundation-h265: 746d11721c4dcdbdad8f713fa42b33f4 -> 
  custom:audio-encoder-webm-vorbis: bf7c407c2cedff20999df2af8eb42d56 -> 
  custom:framework-win-MediaFoundation: 216162199b28c13a410421893ffa2e32 -> 
  custom:container-demuxer-ogg: 62fdf1f143b41e24485cea50d1cbac27 -> 
  custom:video-decoder-webm-vp8: 9c59270c3fd7afecdb556c50c9e8de78 -> 
  custom:audio-decoder-ogg-vorbis: bf7c407c2cedff20999df2af8eb42d56 -> 
========================================================================
Received Import Request.
  Time since last request: 1035499.149789 seconds.
  path: Assets/Polygon-Lite Survival Collection/Models/SM_ARAMID_FABRIC.fbx
  artifactKey: Guid(6704ca6c29fd08b4898f36bf2c90058c) Importer(815301076,1909f56bfc062723c751e8b465ee728b)
Start importing Assets/Polygon-Lite Survival Collection/Models/SM_ARAMID_FABRIC.fbx using Guid(6704ca6c29fd08b4898f36bf2c90058c) Importer(815301076,1909f56bfc062723c751e8b465ee728b)  -> (artifact id: 'f17ff6241fd1e769be739dc0a487211a') in 0.225946 seconds 
========================================================================
Received Import Request.
  Time since last request: 0.000027 seconds.
  path: Assets/Polygon-Lite Survival Collection/Models/Bonfire_01.fbx
  artifactKey: Guid(c498a631fed69f64ea4bf26cf636f1d1) Importer(815301076,1909f56bfc062723c751e8b465ee728b)
Start importing Assets/Polygon-Lite Survival Collection/Models/Bonfire_01.fbx using Guid(c498a631fed69f64ea4bf26cf636f1d1) Importer(815301076,1909f56bfc062723c751e8b465ee728b)  -> (artifact id: 'd459c1503570bdaa273f344915a2810a') in 0.017486 seconds 
========================================================================
Received Import Request.
  Time since last request: 0.000043 seconds.
  path: Assets/Polygon-Lite Survival Collection/Models/SM_Barrel_Closed_01_A.fbx
  artifactKey: Guid(5268200bc6db80845af09eb0823e211e) Importer(815301076,1909f56bfc062723c751e8b465ee728b)
Start importing Assets/Polygon-Lite Survival Collection/Models/SM_Barrel_Closed_01_A.fbx using Guid(5268200bc6db80845af09eb0823e211e) Importer(815301076,1909f56bfc062723c751e8b465ee728b)  -> (artifact id: 'f37ebf06dfaebd16a3a18376c7ed9997') in 0.019099 seconds 
========================================================================
Received Import Request.
  Time since last request: 0.000033 seconds.
  path: Assets/Polygon-Lite Survival Collection/Models/SM_Log_laying.fbx
  artifactKey: Guid(74eba7947f3105d4492bd23c4a539f99) Importer(815301076,1909f56bfc062723c751e8b465ee728b)
Start importing Assets/Polygon-Lite Survival Collection/Models/SM_Log_laying.fbx using Guid(74eba7947f3105d4492bd23c4a539f99) Importer(815301076,1909f56bfc062723c751e8b465ee728b)  -> (artifact id: '219842257c90d28e5f58a91a86ffcd3e') in 0.019785 seconds 
========================================================================
Received Import Request.
  Time since last request: 34.416394 seconds.
  path: Assets/Polygon-Lite Survival Collection/Models/Apple_01.fbx
  artifactKey: Guid(f0abf75740b4565418b9d7aa5cc19ca3) Importer(815301076,1909f56bfc062723c751e8b465ee728b)
Start importing Assets/Polygon-Lite Survival Collection/Models/Apple_01.fbx using Guid(f0abf75740b4565418b9d7aa5cc19ca3) Importer(815301076,1909f56bfc062723c751e8b465ee728b)  -> (artifact id: '4a475e5987839e6427d7a089bb29d2e8') in 0.035877 seconds 
========================================================================
Received Import Request.
  Time since last request: 62.841879 seconds.
  path: Assets/Polygon-Lite Survival Collection/Models/Apple_01.fbx
  artifactKey: Guid(f0abf75740b4565418b9d7aa5cc19ca3) Importer(815301076,1909f56bfc062723c751e8b465ee728b)
Start importing Assets/Polygon-Lite Survival Collection/Models/Apple_01.fbx using Guid(f0abf75740b4565418b9d7aa5cc19ca3) Importer(815301076,1909f56bfc062723c751e8b465ee728b)  -> (artifact id: '0b92a7b52771f9dfd4ee1860decc1e7d') in 0.017669 seconds 
========================================================================
Received Import Request.
  Time since last request: 1.921020 seconds.
  path: Assets/Polygon-Lite Survival Collection/Models/Materials
  artifactKey: Guid(a943a968443eef042bd2115295c4f7d2) Importer(815301076,1909f56bfc062723c751e8b465ee728b)
Start importing Assets/Polygon-Lite Survival Collection/Models/Materials using Guid(a943a968443eef042bd2115295c4f7d2) Importer(815301076,1909f56bfc062723c751e8b465ee728b)  -> (artifact id: 'baf7e200924ac9a1096d2142a1796b93') in 0.002492 seconds 
========================================================================
Received Import Request.
  Time since last request: 0.273382 seconds.
  path: Assets/Polygon-Lite Survival Collection/Models/Materials/Apple_01-main.mat
  artifactKey: Guid(1e327986fe199fd49b2a19d3373f9554) Importer(815301076,1909f56bfc062723c751e8b465ee728b)
Start importing Assets/Polygon-Lite Survival Collection/Models/Materials/Apple_01-main.mat using Guid(1e327986fe199fd49b2a19d3373f9554) Importer(815301076,1909f56bfc062723c751e8b465ee728b)  -> (artifact id: '2b6e014a05e9b2ff67fd4976c9be92cb') in 0.017115 seconds 
========================================================================
Received Import Request.
  Time since last request: 4.386499 seconds.
  path: Assets/Polygon-Lite Survival Collection/Models/Apple_01.fbx
  artifactKey: Guid(f0abf75740b4565418b9d7aa5cc19ca3) Importer(815301076,1909f56bfc062723c751e8b465ee728b)
Start importing Assets/Polygon-Lite Survival Collection/Models/Apple_01.fbx using Guid(f0abf75740b4565418b9d7aa5cc19ca3) Importer(815301076,1909f56bfc062723c751e8b465ee728b)  -> (artifact id: 'faf50a337c53fccb97d64e6d0bc2e1ab') in 0.015977 seconds 
========================================================================
Received Import Request.
  Time since last request: 17.604516 seconds.
  path: Assets/Polygon-Lite Survival Collection/Models/Apple_01.fbx
  artifactKey: Guid(f0abf75740b4565418b9d7aa5cc19ca3) Importer(815301076,1909f56bfc062723c751e8b465ee728b)
Start importing Assets/Polygon-Lite Survival Collection/Models/Apple_01.fbx using Guid(f0abf75740b4565418b9d7aa5cc19ca3) Importer(815301076,1909f56bfc062723c751e8b465ee728b)  -> (artifact id: '300d1d7cb85ecb1bb4893bcc8ad43903') in 0.017511 seconds 
========================================================================
Received Import Request.
  Time since last request: 17.956305 seconds.
  path: Assets/Polygon-Lite Survival Collection/Models/Apple_01.fbx
  artifactKey: Guid(f0abf75740b4565418b9d7aa5cc19ca3) Importer(815301076,1909f56bfc062723c751e8b465ee728b)
Start importing Assets/Polygon-Lite Survival Collection/Models/Apple_01.fbx using Guid(f0abf75740b4565418b9d7aa5cc19ca3) Importer(815301076,1909f56bfc062723c751e8b465ee728b)  -> (artifact id: '379af2db16cfe922081733a04acd5ccd') in 0.020583 seconds 
========================================================================
Received Import Request.
  Time since last request: 5.510205 seconds.
  path: Assets/Polygon-Lite Survival Collection/Materials/Black.mat
  artifactKey: Guid(05b92fe9187c747429c7a303f90baafc) Importer(815301076,1909f56bfc062723c751e8b465ee728b)
Start importing Assets/Polygon-Lite Survival Collection/Materials/Black.mat using Guid(05b92fe9187c747429c7a303f90baafc) Importer(815301076,1909f56bfc062723c751e8b465ee728b)  -> (artifact id: 'b586efd0229af73c823b9302b8c5f7e1') in 0.012224 seconds 
========================================================================
Received Import Request.
  Time since last request: 0.000027 seconds.
  path: Assets/Polygon-Lite Survival Collection/Materials/Green_1.mat
  artifactKey: Guid(eec3351fdd5a6444f94eccbfdc754bcf) Importer(815301076,1909f56bfc062723c751e8b465ee728b)
Start importing Assets/Polygon-Lite Survival Collection/Materials/Green_1.mat using Guid(eec3351fdd5a6444f94eccbfdc754bcf) Importer(815301076,1909f56bfc062723c751e8b465ee728b)  -> (artifact id: 'c96009c40489fbdbfe7ffe4128dfe72f') in 0.011747 seconds 
========================================================================
Received Import Request.
  Time since last request: 0.000036 seconds.
  path: Assets/Polygon-Lite Survival Collection/Materials/Red.mat
  artifactKey: Guid(66b58e89bf028224cbb736d6be2c8539) Importer(815301076,1909f56bfc062723c751e8b465ee728b)
Start importing Assets/Polygon-Lite Survival Collection/Materials/Red.mat using Guid(66b58e89bf028224cbb736d6be2c8539) Importer(815301076,1909f56bfc062723c751e8b465ee728b)  -> (artifact id: '27fb7006aa37f7c55ea74d598c253a14') in 0.010996 seconds 
========================================================================
Received Import Request.
  Time since last request: 0.000024 seconds.
  path: Assets/Polygon-Lite Survival Collection/Materials/Ground.mat
  artifactKey: Guid(56bb5f36816c84e47951a0c47b02f54b) Importer(815301076,1909f56bfc062723c751e8b465ee728b)
Start importing Assets/Polygon-Lite Survival Collection/Materials/Ground.mat using Guid(56bb5f36816c84e47951a0c47b02f54b) Importer(815301076,1909f56bfc062723c751e8b465ee728b)  -> (artifact id: '3baf690f05ae2f8d2e33290e465247d4') in 0.014430 seconds 
========================================================================
Received Import Request.
  Time since last request: 0.000032 seconds.
  path: Assets/Polygon-Lite Survival Collection/Materials/Green.mat
  artifactKey: Guid(2e3fe719eece0ce45a47859435eb62b9) Importer(815301076,1909f56bfc062723c751e8b465ee728b)
Start importing Assets/Polygon-Lite Survival Collection/Materials/Green.mat using Guid(2e3fe719eece0ce45a47859435eb62b9) Importer(815301076,1909f56bfc062723c751e8b465ee728b)  -> (artifact id: '4407d73f954d6b8a89243ca4c336ddbd') in 0.011949 seconds 
========================================================================
Received Import Request.
  Time since last request: 0.000027 seconds.
  path: Assets/Polygon-Lite Survival Collection/Materials/MainMaterialFree.mat
  artifactKey: Guid(e47e8f0bb92aaff4c93eedb0398a1c96) Importer(815301076,1909f56bfc062723c751e8b465ee728b)
Start importing Assets/Polygon-Lite Survival Collection/Materials/MainMaterialFree.mat using Guid(e47e8f0bb92aaff4c93eedb0398a1c96) Importer(815301076,1909f56bfc062723c751e8b465ee728b)  -> (artifact id: '8b8e27fc9e983408768819a8a5226d4c') in 0.013384 seconds 
========================================================================
Received Import Request.
  Time since last request: 0.000026 seconds.
  path: Assets/Polygon-Lite Survival Collection/Materials/Light 1.mat
  artifactKey: Guid(aeb2459e12c62264f93887022f038fb3) Importer(815301076,1909f56bfc062723c751e8b465ee728b)
Start importing Assets/Polygon-Lite Survival Collection/Materials/Light 1.mat using Guid(aeb2459e12c62264f93887022f038fb3) Importer(815301076,1909f56bfc062723c751e8b465ee728b)  -> (artifact id: '96bcca1af2862c1194b403122ac1b0b0') in 0.012249 seconds 
Editor requested this worker to shutdown with reason: Scaling down because of idle timeout
AssetImportWorker is now disconnected from the server
Process exiting
Exiting without the bug reporter. Application will terminate with return code 0