Using pre-set license
Built from '2021.3/staging' branch; Version is '2021.3.0f1 (6eacc8284459) revision 7253192'; Using compiler version '192829333'; Build Type 'Release'
OS: 'Windows 10  (10.0.19043) 64bit Core' Language: 'ja' Physical Memory: 15789 MB
BatchMode: 1, IsHumanControllingUs: 0, StartBugReporterOnCrash: 0, Is64bit: 1, IsPro: 1

COMMAND LINE ARGUMENTS:
C:\Program Files\Unity 2021.3.0f1\Editor\Unity.exe
-adb2
-batchMode
-noUpm
-name
AssetImportWorker1
-projectPath
C:/Users/kbc21b19/Desktop/SurvivalGame/unitySurvival
-logFile
Logs/AssetImportWorker1.log
-srvPort
53236
Successfully changed project path to: C:/Users/kbc21b19/Desktop/SurvivalGame/unitySurvival
C:/Users/kbc21b19/Desktop/SurvivalGame/unitySurvival
[UnityMemory] Configuration Parameters - Can be set up in boot.config
    "memorysetup-bucket-allocator-granularity=16"
    "memorysetup-bucket-allocator-bucket-count=8"
    "memorysetup-bucket-allocator-block-size=33554432"
    "memorysetup-bucket-allocator-block-count=8"
    "memorysetup-main-allocator-block-size=16777216"
    "memorysetup-thread-allocator-block-size=16777216"
    "memorysetup-gfx-main-allocator-block-size=16777216"
    "memorysetup-gfx-thread-allocator-block-size=16777216"
    "memorysetup-cache-allocator-block-size=4194304"
    "memorysetup-typetree-allocator-block-size=2097152"
    "memorysetup-profiler-bucket-allocator-granularity=16"
    "memorysetup-profiler-bucket-allocator-bucket-count=8"
    "memorysetup-profiler-bucket-allocator-block-size=33554432"
    "memorysetup-profiler-bucket-allocator-block-count=8"
    "memorysetup-profiler-allocator-block-size=16777216"
    "memorysetup-profiler-editor-allocator-block-size=1048576"
    "memorysetup-temp-allocator-size-main=16777216"
    "memorysetup-job-temp-allocator-block-size=2097152"
    "memorysetup-job-temp-allocator-block-size-background=1048576"
    "memorysetup-job-temp-allocator-reduction-small-platforms=262144"
    "memorysetup-temp-allocator-size-background-worker=32768"
    "memorysetup-temp-allocator-size-job-worker=262144"
    "memorysetup-temp-allocator-size-preload-manager=33554432"
    "memorysetup-temp-allocator-size-nav-mesh-worker=65536"
    "memorysetup-temp-allocator-size-audio-worker=65536"
    "memorysetup-temp-allocator-size-cloud-worker=32768"
    "memorysetup-temp-allocator-size-gi-baking-worker=262144"
    "memorysetup-temp-allocator-size-gfx=262144"
Refreshing native plugins compatible for Editor in 67.94 ms, found 3 plugins.
Preloading 0 native plugins for Editor in 0.00 ms.
Initialize engine version: 2021.3.0f1 (6eacc8284459)
[Subsystems] Discovering subsystems at path C:/Program Files/Unity 2021.3.0f1/Editor/Data/Resources/UnitySubsystems
[Subsystems] Discovering subsystems at path C:/Users/kbc21b19/Desktop/SurvivalGame/unitySurvival/Assets
GfxDevice: creating device client; threaded=0; jobified=0
Direct3D:
    Version:  Direct3D 11.0 [level 11.1]
    Renderer: NVIDIA GeForce RTX 2060 (ID=0x1f15)
    Vendor:   NVIDIA
    VRAM:     5980 MB
    Driver:   30.0.15.1289
Initialize mono
Mono path[0] = 'C:/Program Files/Unity 2021.3.0f1/Editor/Data/Managed'
Mono path[1] = 'C:/Program Files/Unity 2021.3.0f1/Editor/Data/MonoBleedingEdge/lib/mono/unityjit-win32'
Mono config path = 'C:/Program Files/Unity 2021.3.0f1/Editor/Data/MonoBleedingEdge/etc'
Using monoOptions --debugger-agent=transport=dt_socket,embedding=1,server=y,suspend=n,address=127.0.0.1:56584
Begin MonoManager ReloadAssembly
Registering precompiled unity dll's ...
Register platform support module: C:/Program Files/Unity 2021.3.0f1/Editor/Data/PlaybackEngines/WindowsStandaloneSupport/UnityEditor.WindowsStandalone.Extensions.dll
Registered in 0.005230 seconds.
Native extension for WindowsStandalone target not found
Refreshing native plugins compatible for Editor in 69.83 ms, found 3 plugins.
Preloading 0 native plugins for Editor in 0.00 ms.
Mono: successfully reloaded assembly
- Completed reload, in  0.611 seconds
Domain Reload Profiling:
	ReloadAssembly (611ms)
		BeginReloadAssembly (74ms)
			ExecutionOrderSort (0ms)
			DisableScriptedObjects (0ms)
			BackupInstance (0ms)
			ReleaseScriptingObjects (0ms)
			CreateAndSetChildDomain (1ms)
		EndReloadAssembly (430ms)
			LoadAssemblies (70ms)
			RebuildTransferFunctionScriptingTraits (0ms)
			SetupTypeCache (92ms)
			ReleaseScriptCaches (0ms)
			RebuildScriptCaches (30ms)
			SetupLoadedEditorAssemblies (262ms)
				LogAssemblyErrors (0ms)
				InitializePlatformSupportModulesInManaged (7ms)
				SetLoadedEditorAssemblies (0ms)
				RefreshPlugins (70ms)
				BeforeProcessingInitializeOnLoad (1ms)
				ProcessInitializeOnLoadAttributes (138ms)
				ProcessInitializeOnLoadMethodAttributes (45ms)
				AfterProcessingInitializeOnLoad (0ms)
				EditorAssembliesLoaded (0ms)
			ExecutionOrderSort2 (0ms)
			AwakeInstancesAfterBackupRestoration (0ms)
Platform modules already initialized, skipping
Registering precompiled user dll's ...
Registered in 0.005075 seconds.
Begin MonoManager ReloadAssembly
Symbol file LoadedFromMemory doesn't match image C:\Users\kbc21b19\Desktop\SurvivalGame\unitySurvival\Library\PackageCache\com.unity.visualscripting@1.7.6\Editor\VisualScripting.Core\Dependencies\YamlDotNet\Unity.VisualScripting.YamlDotNet.dll
Symbol file LoadedFromMemory is not a mono symbol file
Symbol file LoadedFromMemory doesn't match image C:\Users\kbc21b19\Desktop\SurvivalGame\unitySurvival\Library\PackageCache\com.unity.visualscripting@1.7.6\Editor\VisualScripting.Core\Dependencies\DotNetZip\Unity.VisualScripting.IonicZip.dll
Native extension for WindowsStandalone target not found
Refreshing native plugins compatible for Editor in 0.51 ms, found 3 plugins.
Preloading 0 native plugins for Editor in 0.00 ms.
Mono: successfully reloaded assembly
- Completed reload, in  0.942 seconds
Domain Reload Profiling:
	ReloadAssembly (943ms)
		BeginReloadAssembly (128ms)
			ExecutionOrderSort (0ms)
			DisableScriptedObjects (5ms)
			BackupInstance (0ms)
			ReleaseScriptingObjects (0ms)
			CreateAndSetChildDomain (19ms)
		EndReloadAssembly (710ms)
			LoadAssemblies (85ms)
			RebuildTransferFunctionScriptingTraits (0ms)
			SetupTypeCache (217ms)
			ReleaseScriptCaches (1ms)
			RebuildScriptCaches (49ms)
			SetupLoadedEditorAssemblies (328ms)
				LogAssemblyErrors (0ms)
				InitializePlatformSupportModulesInManaged (5ms)
				SetLoadedEditorAssemblies (0ms)
				RefreshPlugins (1ms)
				BeforeProcessingInitializeOnLoad (78ms)
				ProcessInitializeOnLoadAttributes (213ms)
				ProcessInitializeOnLoadMethodAttributes (22ms)
				AfterProcessingInitializeOnLoad (8ms)
				EditorAssembliesLoaded (0ms)
			ExecutionOrderSort2 (0ms)
			AwakeInstancesAfterBackupRestoration (5ms)
Platform modules already initialized, skipping
========================================================================
Worker process is ready to serve import requests
Launched and connected shader compiler UnityShaderCompiler.exe after 0.05 seconds
Refreshing native plugins compatible for Editor in 0.83 ms, found 3 plugins.
Preloading 0 native plugins for Editor in 0.00 ms.
Unloading 3231 Unused Serialized files (Serialized files now loaded: 0)
Unloading 21 unused Assets / (55.7 KB). Loaded Objects now: 3708.
Memory consumption went from 125.5 MB to 125.5 MB.
Total: 3.240100 ms (FindLiveObjects: 0.385700 ms CreateObjectMapping: 0.223900 ms MarkObjects: 2.543400 ms  DeleteObjects: 0.085400 ms)

AssetImportParameters requested are different than current active one (requested -> active):
  custom:video-decoder-ogg-theora: a1e56fd34408186e4bbccfd4996cb3dc -> 
  custom:container-muxer-webm: aa71ff27fc2769a1b78a27578f13a17b -> 
  custom:container-demuxer-webm: 4f35f7cbe854078d1ac9338744f61a02 -> 
  custom:video-encoder-webm-vp8: eb34c28f22e8b96e1ab97ce403110664 -> 
  custom:video-codec-MediaFoundation-h265: 746d11721c4dcdbdad8f713fa42b33f4 -> 
  custom:audio-encoder-webm-vorbis: bf7c407c2cedff20999df2af8eb42d56 -> 
  custom:framework-win-MediaFoundation: 216162199b28c13a410421893ffa2e32 -> 
  custom:container-demuxer-ogg: 62fdf1f143b41e24485cea50d1cbac27 -> 
  custom:video-decoder-webm-vp8: 9c59270c3fd7afecdb556c50c9e8de78 -> 
  custom:audio-decoder-ogg-vorbis: bf7c407c2cedff20999df2af8eb42d56 -> 
========================================================================
Received Import Request.
  Time since last request: 85939.501632 seconds.
  path: Assets/Script/NewLayer 2.terrainlayer
  artifactKey: Guid(d603d2fa5fcd89b49be08cee53b2b5cb) Importer(815301076,1909f56bfc062723c751e8b465ee728b)
Start importing Assets/Script/NewLayer 2.terrainlayer using Guid(d603d2fa5fcd89b49be08cee53b2b5cb) Importer(815301076,1909f56bfc062723c751e8b465ee728b)  -> (artifact id: 'a500e87f4db461dffab545afda0db276') in 0.060999 seconds 
========================================================================
Received Import Request.
  Time since last request: 17.526813 seconds.
  path: Assets/3D Haven/Free Fantasy Terrain Textures/Textures/512 Resolution/3DH FTT Dirt_001 512.png
  artifactKey: Guid(f7cf7400f7f25c14d8d788dcbc241735) Importer(815301076,1909f56bfc062723c751e8b465ee728b)
Start importing Assets/3D Haven/Free Fantasy Terrain Textures/Textures/512 Resolution/3DH FTT Dirt_001 512.png using Guid(f7cf7400f7f25c14d8d788dcbc241735) Importer(815301076,1909f56bfc062723c751e8b465ee728b)  -> (artifact id: 'd6990b29b87daf139e93fb86fd51e4f4') in 0.042773 seconds 
========================================================================
Received Import Request.
  Time since last request: 0.000037 seconds.
  path: Assets/New Terrain.asset
  artifactKey: Guid(89a73239abf6e3c458c0a7a81dfd2dee) Importer(815301076,1909f56bfc062723c751e8b465ee728b)
Start importing Assets/New Terrain.asset using Guid(89a73239abf6e3c458c0a7a81dfd2dee) Importer(815301076,1909f56bfc062723c751e8b465ee728b)  -> (artifact id: '5ab1c76e3b7acee471bd9339fbcbf824') in 0.026614 seconds 
========================================================================
Received Import Request.
  Time since last request: 0.000029 seconds.
  path: Assets/New Terrain 1.asset
  artifactKey: Guid(8281c7707db99e34294694e3ed487966) Importer(815301076,1909f56bfc062723c751e8b465ee728b)
Start importing Assets/New Terrain 1.asset using Guid(8281c7707db99e34294694e3ed487966) Importer(815301076,1909f56bfc062723c751e8b465ee728b)  -> (artifact id: 'fb8d2cd3bd978805ffbc60ed44eacfef') in 0.020739 seconds 
========================================================================
Received Import Request.
  Time since last request: 0.000020 seconds.
  path: Assets/Models/Player/Ch09_nonPBR.fbm/Ch09_1001_Diffuse.png
  artifactKey: Guid(7df114c0e5b5cea40a7c61f09692d20b) Importer(815301076,1909f56bfc062723c751e8b465ee728b)
Start importing Assets/Models/Player/Ch09_nonPBR.fbm/Ch09_1001_Diffuse.png using Guid(7df114c0e5b5cea40a7c61f09692d20b) Importer(815301076,1909f56bfc062723c751e8b465ee728b)  -> (artifact id: '33c11c5f4379025448be7c83835b569f') in 0.016717 seconds 
========================================================================
Received Import Request.
  Time since last request: 0.000057 seconds.
  path: Assets/3D Haven/Free Fantasy Terrain Textures/Textures/512 Resolution/3DH FTT Path_001 Abandoned_004 512.png
  artifactKey: Guid(eb9a518448715064b9d4a5a0188572a6) Importer(815301076,1909f56bfc062723c751e8b465ee728b)
Start importing Assets/3D Haven/Free Fantasy Terrain Textures/Textures/512 Resolution/3DH FTT Path_001 Abandoned_004 512.png using Guid(eb9a518448715064b9d4a5a0188572a6) Importer(815301076,1909f56bfc062723c751e8b465ee728b)  -> (artifact id: '25e846b81e662f28caec1a6584ef0b18') in 0.014202 seconds 
========================================================================
Received Import Request.
  Time since last request: 0.000018 seconds.
  path: Assets/Cartoon_Texture_Pack/SAND/SAND_Beach/Textures/Sand_Beach_Base_Normal.png
  artifactKey: Guid(32e75137122e86e419af0c829889e58c) Importer(815301076,1909f56bfc062723c751e8b465ee728b)
Start importing Assets/Cartoon_Texture_Pack/SAND/SAND_Beach/Textures/Sand_Beach_Base_Normal.png using Guid(32e75137122e86e419af0c829889e58c) Importer(815301076,1909f56bfc062723c751e8b465ee728b)  -> (artifact id: '00b2f57d6223bf4521360a7619c40a17') in 0.025847 seconds 
========================================================================
Received Import Request.
  Time since last request: 0.000026 seconds.
  path: Assets/Models/Player/Ch09_nonPBR.fbm/Ch09_1001_Normal.png
  artifactKey: Guid(00710a8c277201c41a947c7670d02d25) Importer(815301076,1909f56bfc062723c751e8b465ee728b)
Start importing Assets/Models/Player/Ch09_nonPBR.fbm/Ch09_1001_Normal.png using Guid(00710a8c277201c41a947c7670d02d25) Importer(815301076,1909f56bfc062723c751e8b465ee728b)  -> (artifact id: '09d8c02a2e3a716bf7c467fbefe45be8') in 0.015988 seconds 
========================================================================
Received Import Request.
  Time since last request: 0.000024 seconds.
  path: Assets/Fantasy Forest Set/Sources/Textures/flower_diffuse-white.png
  artifactKey: Guid(ed71ff2b5b52e2a438f23d81a1c4336a) Importer(815301076,1909f56bfc062723c751e8b465ee728b)
Start importing Assets/Fantasy Forest Set/Sources/Textures/flower_diffuse-white.png using Guid(ed71ff2b5b52e2a438f23d81a1c4336a) Importer(815301076,1909f56bfc062723c751e8b465ee728b)  -> (artifact id: 'f112f8ff3c6e91ceb3917b00533b5053') in 0.010380 seconds 
========================================================================
Received Import Request.
  Time since last request: 0.000020 seconds.
  path: Assets/Cartoon_Texture_Pack/SAND/SAND_Beach/Textures/Sand_Beach_Base_Metallic.png
  artifactKey: Guid(164cdba750466df4dbaa35a21d706118) Importer(815301076,1909f56bfc062723c751e8b465ee728b)
Start importing Assets/Cartoon_Texture_Pack/SAND/SAND_Beach/Textures/Sand_Beach_Base_Metallic.png using Guid(164cdba750466df4dbaa35a21d706118) Importer(815301076,1909f56bfc062723c751e8b465ee728b)  -> (artifact id: '24e870eb889ce8fa11ce11f73e7501ac') in 0.013029 seconds 
========================================================================
Received Import Request.
  Time since last request: 0.000028 seconds.
  path: Assets/Cartoon_Texture_Pack/SAND/SAND_Beach/Textures/Sand_Beach_Base_Height.png
  artifactKey: Guid(9231d33fb41fe2940b4d848239b45538) Importer(815301076,1909f56bfc062723c751e8b465ee728b)
Start importing Assets/Cartoon_Texture_Pack/SAND/SAND_Beach/Textures/Sand_Beach_Base_Height.png using Guid(9231d33fb41fe2940b4d848239b45538) Importer(815301076,1909f56bfc062723c751e8b465ee728b)  -> (artifact id: '31c70fabcf438431b65057dd9bf3d65f') in 0.011336 seconds 
========================================================================
Received Import Request.
  Time since last request: 0.000031 seconds.
  path: Assets/Cartoon_Texture_Pack/SAND/SAND_Underwater/Textures/Sand_Underwater_Base_Normal.png
  artifactKey: Guid(c9c6502f04436f6419d8cd534d9e17c3) Importer(815301076,1909f56bfc062723c751e8b465ee728b)
Start importing Assets/Cartoon_Texture_Pack/SAND/SAND_Underwater/Textures/Sand_Underwater_Base_Normal.png using Guid(c9c6502f04436f6419d8cd534d9e17c3) Importer(815301076,1909f56bfc062723c751e8b465ee728b)  -> (artifact id: 'edb4ea111286e175b9f4d9092a1cf3ac') in 0.014957 seconds 
========================================================================
Received Import Request.
  Time since last request: 0.000021 seconds.
  path: Assets/Cartoon_Texture_Pack/SAND/SAND_Beach/Textures/Sand_Beach_Base_AO.png
  artifactKey: Guid(966c780cdfe66c2438105f8c119bfdd1) Importer(815301076,1909f56bfc062723c751e8b465ee728b)
Start importing Assets/Cartoon_Texture_Pack/SAND/SAND_Beach/Textures/Sand_Beach_Base_AO.png using Guid(966c780cdfe66c2438105f8c119bfdd1) Importer(815301076,1909f56bfc062723c751e8b465ee728b)  -> (artifact id: 'ddc7cbe8f47858c9a8b08762e189850c') in 0.011414 seconds 
========================================================================
Received Import Request.
  Time since last request: 0.000022 seconds.
  path: Assets/Models/Player/Ch09_nonPBR.fbm/Ch09_1001_Glossiness.png
  artifactKey: Guid(b9d1cb0dec3cb19408a9ca2244869c01) Importer(815301076,1909f56bfc062723c751e8b465ee728b)
Start importing Assets/Models/Player/Ch09_nonPBR.fbm/Ch09_1001_Glossiness.png using Guid(b9d1cb0dec3cb19408a9ca2244869c01) Importer(815301076,1909f56bfc062723c751e8b465ee728b)  -> (artifact id: '40c50cda2792e7f57368918cc5ba832b') in 0.015762 seconds 
========================================================================
Received Import Request.
  Time since last request: 0.000019 seconds.
  path: Assets/Cartoon_Texture_Pack/SAND/SAND_Underwater/Textures/Sand_Underwater_Base_height.png
  artifactKey: Guid(59f512951b3979d498aea3bb88d8806d) Importer(815301076,1909f56bfc062723c751e8b465ee728b)
Start importing Assets/Cartoon_Texture_Pack/SAND/SAND_Underwater/Textures/Sand_Underwater_Base_height.png using Guid(59f512951b3979d498aea3bb88d8806d) Importer(815301076,1909f56bfc062723c751e8b465ee728b)  -> (artifact id: 'e0e5bdf7a3e7a72473eab0e916da70c8') in 0.011837 seconds 
========================================================================
Received Import Request.
  Time since last request: 0.000028 seconds.
  path: Assets/Cartoon_Texture_Pack/SAND/SAND_Underwater/Textures/Sand_Underwater_Base_Basecolor.png
  artifactKey: Guid(29cf16dcfaae11f46bccf7ae069faa60) Importer(815301076,1909f56bfc062723c751e8b465ee728b)
Start importing Assets/Cartoon_Texture_Pack/SAND/SAND_Underwater/Textures/Sand_Underwater_Base_Basecolor.png using Guid(29cf16dcfaae11f46bccf7ae069faa60) Importer(815301076,1909f56bfc062723c751e8b465ee728b)  -> (artifact id: '28f10f4a6d0b7655f105e8fd270e6476') in 0.011543 seconds 
========================================================================
Received Import Request.
  Time since last request: 0.000019 seconds.
  path: Assets/Cartoon_Texture_Pack/SAND/SAND_Underwater/Textures/Sand_Underwater_Shell_Normal.png
  artifactKey: Guid(30b25325c708fc342ab5de0df5b1fff3) Importer(815301076,1909f56bfc062723c751e8b465ee728b)
Start importing Assets/Cartoon_Texture_Pack/SAND/SAND_Underwater/Textures/Sand_Underwater_Shell_Normal.png using Guid(30b25325c708fc342ab5de0df5b1fff3) Importer(815301076,1909f56bfc062723c751e8b465ee728b)  -> (artifact id: 'c77e4422cdc3633f044b210fca75e778') in 0.018533 seconds 
========================================================================
Received Import Request.
  Time since last request: 0.000029 seconds.
  path: Assets/3D Haven/Free Fantasy Terrain Textures/Textures/512 Resolution/3DH FTT ForestGround_001 512.png
  artifactKey: Guid(528c5f3232cf1264e81ef200d8b1b1c3) Importer(815301076,1909f56bfc062723c751e8b465ee728b)
Start importing Assets/3D Haven/Free Fantasy Terrain Textures/Textures/512 Resolution/3DH FTT ForestGround_001 512.png using Guid(528c5f3232cf1264e81ef200d8b1b1c3) Importer(815301076,1909f56bfc062723c751e8b465ee728b)  -> (artifact id: 'c308475085f0ceb0dd403c90e3edd425') in 0.011018 seconds 
========================================================================
Received Import Request.
  Time since last request: 0.000032 seconds.
  path: Assets/Models/Player/Ch09_nonPBR.fbm/Ch09_1001_Specular.png
  artifactKey: Guid(8968caddb6b65324cbac9294c8f15ffd) Importer(815301076,1909f56bfc062723c751e8b465ee728b)
Start importing Assets/Models/Player/Ch09_nonPBR.fbm/Ch09_1001_Specular.png using Guid(8968caddb6b65324cbac9294c8f15ffd) Importer(815301076,1909f56bfc062723c751e8b465ee728b)  -> (artifact id: '9631b96ea0f485951dca4bb62729f914') in 0.012324 seconds 
========================================================================
Received Import Request.
  Time since last request: 0.000026 seconds.
  path: Assets/Cartoon_Texture_Pack/SAND/SAND_Underwater/Textures/Sand_Underwater_Base_AO.png
  artifactKey: Guid(4b63e4448e9efbc4ea4ed3da67416981) Importer(815301076,1909f56bfc062723c751e8b465ee728b)
Start importing Assets/Cartoon_Texture_Pack/SAND/SAND_Underwater/Textures/Sand_Underwater_Base_AO.png using Guid(4b63e4448e9efbc4ea4ed3da67416981) Importer(815301076,1909f56bfc062723c751e8b465ee728b)  -> (artifact id: '9381b1fb55d4c6499cd7280d1ae0497c') in 0.012885 seconds 
========================================================================
Received Import Request.
  Time since last request: 0.000019 seconds.
  path: Assets/Fantasy Forest Set/Sources/Textures/flower_diffuse-orange.png
  artifactKey: Guid(9f18b62a446dd054587cc9c935967458) Importer(815301076,1909f56bfc062723c751e8b465ee728b)
Start importing Assets/Fantasy Forest Set/Sources/Textures/flower_diffuse-orange.png using Guid(9f18b62a446dd054587cc9c935967458) Importer(815301076,1909f56bfc062723c751e8b465ee728b)  -> (artifact id: '7280a76f10aa3ac31ce595d5acca43f2') in 0.010637 seconds 
========================================================================
Received Import Request.
  Time since last request: 0.000028 seconds.
  path: Assets/Fantasy Forest Set/Sources/Textures/flower_diffuse-yellow.png
  artifactKey: Guid(9999184734c014d42804150a51791740) Importer(815301076,1909f56bfc062723c751e8b465ee728b)
Start importing Assets/Fantasy Forest Set/Sources/Textures/flower_diffuse-yellow.png using Guid(9999184734c014d42804150a51791740) Importer(815301076,1909f56bfc062723c751e8b465ee728b)  -> (artifact id: '26e55d242dd4496fb495cb158c915cfb') in 0.011729 seconds 
========================================================================
Received Import Request.
  Time since last request: 0.000045 seconds.
  path: Assets/Fantasy Forest Set/Sources/Textures/grid.png
  artifactKey: Guid(f4db451ad4e8f104c8bb351a3007cbac) Importer(815301076,1909f56bfc062723c751e8b465ee728b)
Start importing Assets/Fantasy Forest Set/Sources/Textures/grid.png using Guid(f4db451ad4e8f104c8bb351a3007cbac) Importer(815301076,1909f56bfc062723c751e8b465ee728b)  -> (artifact id: '8eda5527b049d60f23f143137eb878a6') in 0.011680 seconds 
========================================================================
Received Import Request.
  Time since last request: 0.000028 seconds.
  path: Assets/Cartoon_Texture_Pack/SAND/SAND_Underwater/Textures/Sand_Underwater_Base_Metallic.png
  artifactKey: Guid(d773a65575b202a4b97817071714bb67) Importer(815301076,1909f56bfc062723c751e8b465ee728b)
Start importing Assets/Cartoon_Texture_Pack/SAND/SAND_Underwater/Textures/Sand_Underwater_Base_Metallic.png using Guid(d773a65575b202a4b97817071714bb67) Importer(815301076,1909f56bfc062723c751e8b465ee728b)  -> (artifact id: 'a48b2fbec06a617af4b28fabdcb9e980') in 0.012093 seconds 
========================================================================
Received Import Request.
  Time since last request: 0.000030 seconds.
  path: Assets/3D Haven/Free Fantasy Terrain Textures/Textures/512 Resolution/3DH FTT Grass_002 Rocks_001 512.png
  artifactKey: Guid(d26813dc343c7464ba32a4902c04f189) Importer(815301076,1909f56bfc062723c751e8b465ee728b)
Start importing Assets/3D Haven/Free Fantasy Terrain Textures/Textures/512 Resolution/3DH FTT Grass_002 Rocks_001 512.png using Guid(d26813dc343c7464ba32a4902c04f189) Importer(815301076,1909f56bfc062723c751e8b465ee728b)  -> (artifact id: '2b193b9dbf3a58869e544c13ceaa3464') in 0.010199 seconds 
========================================================================
Received Import Request.
  Time since last request: 0.000029 seconds.
  path: Assets/Fantasy Forest Set/Sources/Textures/oakTree_diffuse.png
  artifactKey: Guid(2ade6f292582e0748b5c350cf6d78151) Importer(815301076,1909f56bfc062723c751e8b465ee728b)
Start importing Assets/Fantasy Forest Set/Sources/Textures/oakTree_diffuse.png using Guid(2ade6f292582e0748b5c350cf6d78151) Importer(815301076,1909f56bfc062723c751e8b465ee728b)  -> (artifact id: '63ba22d78e903377d4b6c381fc4e7976') in 0.014960 seconds 
========================================================================
Received Import Request.
  Time since last request: 0.000032 seconds.
  path: Assets/3D Haven/Free Fantasy Terrain Textures/Textures/512 Resolution/3DH FTT Dirt_001_Mossy 512.png
  artifactKey: Guid(119c901765305d24aabfb0056fc85fc6) Importer(815301076,1909f56bfc062723c751e8b465ee728b)
Start importing Assets/3D Haven/Free Fantasy Terrain Textures/Textures/512 Resolution/3DH FTT Dirt_001_Mossy 512.png using Guid(119c901765305d24aabfb0056fc85fc6) Importer(815301076,1909f56bfc062723c751e8b465ee728b)  -> (artifact id: 'bfefda26777ee5aa7ca1de5b88e3c56d') in 0.011092 seconds 
========================================================================
Received Import Request.
  Time since last request: 0.000033 seconds.
  path: Assets/Cartoon_Texture_Pack/SAND/SAND_Beach/Textures/Sand_Beach_Shell_AO.png
  artifactKey: Guid(c7f3b0a1d7418cd43a89f5e90130b805) Importer(815301076,1909f56bfc062723c751e8b465ee728b)
Start importing Assets/Cartoon_Texture_Pack/SAND/SAND_Beach/Textures/Sand_Beach_Shell_AO.png using Guid(c7f3b0a1d7418cd43a89f5e90130b805) Importer(815301076,1909f56bfc062723c751e8b465ee728b)  -> (artifact id: 'f74d3889ecabaec7c4795ebe0c30d989') in 0.016250 seconds 
========================================================================
Received Import Request.
  Time since last request: 0.000026 seconds.
  path: Assets/Cartoon_Texture_Pack/SAND/SAND_Beach/Textures/Sand_Beach_Shell_Metallic.png
  artifactKey: Guid(d206916a8cdfb8048bc852e3f2781401) Importer(815301076,1909f56bfc062723c751e8b465ee728b)
Start importing Assets/Cartoon_Texture_Pack/SAND/SAND_Beach/Textures/Sand_Beach_Shell_Metallic.png using Guid(d206916a8cdfb8048bc852e3f2781401) Importer(815301076,1909f56bfc062723c751e8b465ee728b)  -> (artifact id: '6e64cebf2cf8a331d19210856e07da82') in 0.011143 seconds 
========================================================================
Received Import Request.
  Time since last request: 3.447109 seconds.
  path: Assets/Fantasy Forest Set/Sources/Textures/terrain_grass1.png
  artifactKey: Guid(7b0a3626f06c3104f8eb95d8a579b76a) Importer(815301076,1909f56bfc062723c751e8b465ee728b)
Start importing Assets/Fantasy Forest Set/Sources/Textures/terrain_grass1.png using Guid(7b0a3626f06c3104f8eb95d8a579b76a) Importer(815301076,1909f56bfc062723c751e8b465ee728b)  -> (artifact id: '22d632ee4714ed43460b00842102d069') in 0.020361 seconds 
========================================================================
Received Import Request.
  Time since last request: 0.000022 seconds.
  path: Assets/Fantasy Forest Set/Sources/Textures/terrain_stone2.png
  artifactKey: Guid(ecb7b14b9f69be144ac25e59be1cd535) Importer(815301076,1909f56bfc062723c751e8b465ee728b)
Start importing Assets/Fantasy Forest Set/Sources/Textures/terrain_stone2.png using Guid(ecb7b14b9f69be144ac25e59be1cd535) Importer(815301076,1909f56bfc062723c751e8b465ee728b)  -> (artifact id: '9ddf23b276b6d0ec3fc6f5027ff6e746') in 0.010414 seconds 
Editor requested this worker to shutdown with reason: Scaling down because of idle timeout
AssetImportWorker is now disconnected from the server
Process exiting
Exiting without the bug reporter. Application will terminate with return code 0