Using pre-set license
Built from '2021.3/staging' branch; Version is '2021.3.11f1 (0a5ca18544bf) revision 679073'; Using compiler version '192829333'; Build Type 'Release'
OS: 'Windows 10  (10.0.19043) 64bit Core' Language: 'ja' Physical Memory: 15789 MB
BatchMode: 1, IsHumanControllingUs: 0, StartBugReporterOnCrash: 0, Is64bit: 1, IsPro: 1

COMMAND LINE ARGUMENTS:
C:\Program Files\Unity\Hub\Editor\2021.3.11f1\Editor\Unity.exe
-adb2
-batchMode
-noUpm
-name
AssetImportWorker5
-projectPath
C:/Users/kbc21b19/Desktop/SurvivalGame/unitySurvival
-logFile
Logs/AssetImportWorker5.log
-srvPort
49963
Successfully changed project path to: C:/Users/kbc21b19/Desktop/SurvivalGame/unitySurvival
C:/Users/kbc21b19/Desktop/SurvivalGame/unitySurvival
[UnityMemory] Configuration Parameters - Can be set up in boot.config
    "memorysetup-bucket-allocator-granularity=16"
    "memorysetup-bucket-allocator-bucket-count=8"
    "memorysetup-bucket-allocator-block-size=33554432"
    "memorysetup-bucket-allocator-block-count=8"
    "memorysetup-main-allocator-block-size=16777216"
    "memorysetup-thread-allocator-block-size=16777216"
    "memorysetup-gfx-main-allocator-block-size=16777216"
    "memorysetup-gfx-thread-allocator-block-size=16777216"
    "memorysetup-cache-allocator-block-size=4194304"
    "memorysetup-typetree-allocator-block-size=2097152"
    "memorysetup-profiler-bucket-allocator-granularity=16"
    "memorysetup-profiler-bucket-allocator-bucket-count=8"
    "memorysetup-profiler-bucket-allocator-block-size=33554432"
    "memorysetup-profiler-bucket-allocator-block-count=8"
    "memorysetup-profiler-allocator-block-size=16777216"
    "memorysetup-profiler-editor-allocator-block-size=1048576"
    "memorysetup-temp-allocator-size-main=16777216"
    "memorysetup-job-temp-allocator-block-size=2097152"
    "memorysetup-job-temp-allocator-block-size-background=1048576"
    "memorysetup-job-temp-allocator-reduction-small-platforms=262144"
    "memorysetup-temp-allocator-size-background-worker=32768"
    "memorysetup-temp-allocator-size-job-worker=262144"
    "memorysetup-temp-allocator-size-preload-manager=33554432"
    "memorysetup-temp-allocator-size-nav-mesh-worker=65536"
    "memorysetup-temp-allocator-size-audio-worker=65536"
    "memorysetup-temp-allocator-size-cloud-worker=32768"
    "memorysetup-temp-allocator-size-gi-baking-worker=262144"
    "memorysetup-temp-allocator-size-gfx=262144"
Refreshing native plugins compatible for Editor in 75.71 ms, found 3 plugins.
Preloading 0 native plugins for Editor in 0.00 ms.
Initialize engine version: 2021.3.11f1 (0a5ca18544bf)
[Subsystems] Discovering subsystems at path C:/Program Files/Unity/Hub/Editor/2021.3.11f1/Editor/Data/Resources/UnitySubsystems
[Subsystems] Discovering subsystems at path C:/Users/kbc21b19/Desktop/SurvivalGame/unitySurvival/Assets
GfxDevice: creating device client; threaded=0; jobified=0
Direct3D:
    Version:  Direct3D 11.0 [level 11.1]
    Renderer: NVIDIA GeForce RTX 2060 (ID=0x1f15)
    Vendor:   NVIDIA
    VRAM:     5980 MB
    Driver:   30.0.15.1289
Initialize mono
Mono path[0] = 'C:/Program Files/Unity/Hub/Editor/2021.3.11f1/Editor/Data/Managed'
Mono path[1] = 'C:/Program Files/Unity/Hub/Editor/2021.3.11f1/Editor/Data/MonoBleedingEdge/lib/mono/unityjit-win32'
Mono config path = 'C:/Program Files/Unity/Hub/Editor/2021.3.11f1/Editor/Data/MonoBleedingEdge/etc'
Using monoOptions --debugger-agent=transport=dt_socket,embedding=1,server=y,suspend=n,address=127.0.0.1:56084
Begin MonoManager ReloadAssembly
Registering precompiled unity dll's ...
Register platform support module: C:/Program Files/Unity/Hub/Editor/2021.3.11f1/Editor/Data/PlaybackEngines/AndroidPlayer/UnityEditor.Android.Extensions.dll
Register platform support module: C:/Program Files/Unity/Hub/Editor/2021.3.11f1/Editor/Data/PlaybackEngines/WindowsStandaloneSupport/UnityEditor.WindowsStandalone.Extensions.dll
Registered in 0.009085 seconds.
Native extension for WindowsStandalone target not found
Native extension for Android target not found
Refreshing native plugins compatible for Editor in 69.25 ms, found 3 plugins.
Preloading 0 native plugins for Editor in 0.00 ms.
Mono: successfully reloaded assembly
- Completed reload, in  0.633 seconds
Domain Reload Profiling:
	ReloadAssembly (633ms)
		BeginReloadAssembly (76ms)
			ExecutionOrderSort (0ms)
			DisableScriptedObjects (0ms)
			BackupInstance (0ms)
			ReleaseScriptingObjects (0ms)
			CreateAndSetChildDomain (1ms)
		EndReloadAssembly (448ms)
			LoadAssemblies (73ms)
			RebuildTransferFunctionScriptingTraits (0ms)
			SetupTypeCache (101ms)
			ReleaseScriptCaches (0ms)
			RebuildScriptCaches (30ms)
			SetupLoadedEditorAssemblies (266ms)
				LogAssemblyErrors (0ms)
				InitializePlatformSupportModulesInManaged (53ms)
				SetLoadedEditorAssemblies (0ms)
				RefreshPlugins (69ms)
				BeforeProcessingInitializeOnLoad (2ms)
				ProcessInitializeOnLoadAttributes (98ms)
				ProcessInitializeOnLoadMethodAttributes (44ms)
				AfterProcessingInitializeOnLoad (0ms)
				EditorAssembliesLoaded (0ms)
			ExecutionOrderSort2 (0ms)
			AwakeInstancesAfterBackupRestoration (0ms)
Platform modules already initialized, skipping
Registering precompiled user dll's ...
Registered in 0.010325 seconds.
Begin MonoManager ReloadAssembly
Symbol file LoadedFromMemory doesn't match image C:\Users\kbc21b19\Desktop\SurvivalGame\unitySurvival\Library\PackageCache\com.unity.visualscripting@1.7.8\Editor\VisualScripting.Core\Dependencies\YamlDotNet\Unity.VisualScripting.YamlDotNet.dll
Symbol file LoadedFromMemory doesn't match image C:\Users\kbc21b19\Desktop\SurvivalGame\unitySurvival\Library\PackageCache\com.unity.visualscripting@1.7.8\Editor\VisualScripting.Core\Dependencies\DotNetZip\Unity.VisualScripting.IonicZip.dll
Native extension for WindowsStandalone target not found
Native extension for Android target not found
Refreshing native plugins compatible for Editor in 0.59 ms, found 3 plugins.
Preloading 0 native plugins for Editor in 0.00 ms.
Mono: successfully reloaded assembly
- Completed reload, in  1.127 seconds
Domain Reload Profiling:
	ReloadAssembly (1128ms)
		BeginReloadAssembly (214ms)
			ExecutionOrderSort (0ms)
			DisableScriptedObjects (5ms)
			BackupInstance (0ms)
			ReleaseScriptingObjects (0ms)
			CreateAndSetChildDomain (121ms)
		EndReloadAssembly (796ms)
			LoadAssemblies (92ms)
			RebuildTransferFunctionScriptingTraits (0ms)
			SetupTypeCache (238ms)
			ReleaseScriptCaches (1ms)
			RebuildScriptCaches (55ms)
			SetupLoadedEditorAssemblies (377ms)
				LogAssemblyErrors (0ms)
				InitializePlatformSupportModulesInManaged (16ms)
				SetLoadedEditorAssemblies (0ms)
				RefreshPlugins (1ms)
				BeforeProcessingInitializeOnLoad (90ms)
				ProcessInitializeOnLoadAttributes (231ms)
				ProcessInitializeOnLoadMethodAttributes (27ms)
				AfterProcessingInitializeOnLoad (13ms)
				EditorAssembliesLoaded (0ms)
			ExecutionOrderSort2 (0ms)
			AwakeInstancesAfterBackupRestoration (5ms)
Platform modules already initialized, skipping
========================================================================
Worker process is ready to serve import requests
Launched and connected shader compiler UnityShaderCompiler.exe after 0.05 seconds
Refreshing native plugins compatible for Editor in 0.55 ms, found 3 plugins.
Preloading 0 native plugins for Editor in 0.00 ms.
Unloading 3391 Unused Serialized files (Serialized files now loaded: 0)
Unloading 25 unused Assets / (56.3 KB). Loaded Objects now: 3871.
Memory consumption went from 130.5 MB to 130.4 MB.
Total: 3.156600 ms (FindLiveObjects: 0.491400 ms CreateObjectMapping: 0.114500 ms MarkObjects: 2.459800 ms  DeleteObjects: 0.089200 ms)

AssetImportParameters requested are different than current active one (requested -> active):
  custom:video-decoder-ogg-theora: a1e56fd34408186e4bbccfd4996cb3dc -> 
  custom:container-muxer-webm: aa71ff27fc2769a1b78a27578f13a17b -> 
  custom:container-demuxer-webm: 4f35f7cbe854078d1ac9338744f61a02 -> 
  custom:video-encoder-webm-vp8: eb34c28f22e8b96e1ab97ce403110664 -> 
  custom:video-codec-MediaFoundation-h265: 746d11721c4dcdbdad8f713fa42b33f4 -> 
  custom:audio-encoder-webm-vorbis: bf7c407c2cedff20999df2af8eb42d56 -> 
  custom:framework-win-MediaFoundation: 216162199b28c13a410421893ffa2e32 -> 
  custom:container-demuxer-ogg: 62fdf1f143b41e24485cea50d1cbac27 -> 
  custom:video-decoder-webm-vp8: 9c59270c3fd7afecdb556c50c9e8de78 -> 
  custom:audio-decoder-ogg-vorbis: bf7c407c2cedff20999df2af8eb42d56 -> 
========================================================================
Received Import Request.
  Time since last request: 1035927.129508 seconds.
  path: Assets/Polygon-Lite Survival Collection/Prefabs/Bandage.prefab
  artifactKey: Guid(cc727501756aee741997efa9a175c317) Importer(815301076,1909f56bfc062723c751e8b465ee728b)
Start importing Assets/Polygon-Lite Survival Collection/Prefabs/Bandage.prefab using Guid(cc727501756aee741997efa9a175c317) Importer(815301076,1909f56bfc062723c751e8b465ee728b)  -> (artifact id: '69382a7fd326b7d6c104f0b02c0bcafb') in 0.140053 seconds 
========================================================================
Received Import Request.
  Time since last request: 0.000029 seconds.
  path: Assets/Polygon-Lite Survival Collection/Prefabs/Meat_01.prefab
  artifactKey: Guid(c6606374ad6058448b3ce4a22865ff19) Importer(815301076,1909f56bfc062723c751e8b465ee728b)
Start importing Assets/Polygon-Lite Survival Collection/Prefabs/Meat_01.prefab using Guid(c6606374ad6058448b3ce4a22865ff19) Importer(815301076,1909f56bfc062723c751e8b465ee728b)  -> (artifact id: '596adcafae1f40eb457246aa000902c5') in 0.025014 seconds 
========================================================================
Received Import Request.
  Time since last request: 0.000046 seconds.
  path: Assets/Polygon-Lite Survival Collection/Prefabs/Meat_03.prefab
  artifactKey: Guid(f3834b0b997a98f4abd2393ccf97366b) Importer(815301076,1909f56bfc062723c751e8b465ee728b)
Start importing Assets/Polygon-Lite Survival Collection/Prefabs/Meat_03.prefab using Guid(f3834b0b997a98f4abd2393ccf97366b) Importer(815301076,1909f56bfc062723c751e8b465ee728b)  -> (artifact id: '8110d2d9004ab63442789efe8e38bcc2') in 0.018609 seconds 
========================================================================
Received Import Request.
  Time since last request: 0.000031 seconds.
  path: Assets/Polygon-Lite Survival Collection/Prefabs/SM_Muffler_04.prefab
  artifactKey: Guid(5c9ddf07179e6a9488ccb9ebb6c30ba7) Importer(815301076,1909f56bfc062723c751e8b465ee728b)
Start importing Assets/Polygon-Lite Survival Collection/Prefabs/SM_Muffler_04.prefab using Guid(5c9ddf07179e6a9488ccb9ebb6c30ba7) Importer(815301076,1909f56bfc062723c751e8b465ee728b)  -> (artifact id: 'd01928703bbeef54e5ba121251ebbc91') in 0.017574 seconds 
========================================================================
Received Import Request.
  Time since last request: 0.000025 seconds.
  path: Assets/Polygon-Lite Survival Collection/Prefabs/SM_Chainsaw.prefab
  artifactKey: Guid(6230fa9fa4c316c49b43bcaedfd466df) Importer(815301076,1909f56bfc062723c751e8b465ee728b)
Start importing Assets/Polygon-Lite Survival Collection/Prefabs/SM_Chainsaw.prefab using Guid(6230fa9fa4c316c49b43bcaedfd466df) Importer(815301076,1909f56bfc062723c751e8b465ee728b)  -> (artifact id: 'b54232cea4b8eedab0407c1e4e963c5e') in 0.018790 seconds 
========================================================================
Received Import Request.
  Time since last request: 0.000025 seconds.
  path: Assets/Polygon-Lite Survival Collection/Prefabs/Homemade_Medical_Splint.prefab
  artifactKey: Guid(37476453262801641b9ba6c5a30a8098) Importer(815301076,1909f56bfc062723c751e8b465ee728b)
Start importing Assets/Polygon-Lite Survival Collection/Prefabs/Homemade_Medical_Splint.prefab using Guid(37476453262801641b9ba6c5a30a8098) Importer(815301076,1909f56bfc062723c751e8b465ee728b)  -> (artifact id: '5f52580ba8c995f922f33c5499c30df7') in 0.016316 seconds 
========================================================================
Received Import Request.
  Time since last request: 0.000030 seconds.
  path: Assets/Polygon-Lite Survival Collection/Prefabs/Flask.prefab
  artifactKey: Guid(3ff9c98c0990fce468bb0d49a51b6461) Importer(815301076,1909f56bfc062723c751e8b465ee728b)
Start importing Assets/Polygon-Lite Survival Collection/Prefabs/Flask.prefab using Guid(3ff9c98c0990fce468bb0d49a51b6461) Importer(815301076,1909f56bfc062723c751e8b465ee728b)  -> (artifact id: 'ff11e15e06564af6f7dcc4dfc876a425') in 0.017664 seconds 
========================================================================
Received Import Request.
  Time since last request: 0.000044 seconds.
  path: Assets/Polygon-Lite Survival Collection/Prefabs/SM_Magazine_For_Army_Pistol_Empty.prefab
  artifactKey: Guid(75684f6054a9a8143b92a740cc80a631) Importer(815301076,1909f56bfc062723c751e8b465ee728b)
Start importing Assets/Polygon-Lite Survival Collection/Prefabs/SM_Magazine_For_Army_Pistol_Empty.prefab using Guid(75684f6054a9a8143b92a740cc80a631) Importer(815301076,1909f56bfc062723c751e8b465ee728b)  -> (artifact id: 'f72e912d54c45ac6a0ad2fbc6f6fcd18') in 0.018675 seconds 
========================================================================
Received Import Request.
  Time since last request: 0.000030 seconds.
  path: Assets/Polygon-Lite Survival Collection/Prefabs/SM_FLATCHE.prefab
  artifactKey: Guid(66c5c01db3a7a4040b6b6ea74d1a8737) Importer(815301076,1909f56bfc062723c751e8b465ee728b)
Start importing Assets/Polygon-Lite Survival Collection/Prefabs/SM_FLATCHE.prefab using Guid(66c5c01db3a7a4040b6b6ea74d1a8737) Importer(815301076,1909f56bfc062723c751e8b465ee728b)  -> (artifact id: '3bcc8d2ba6db983b89b83d75aad89bc4') in 0.016965 seconds 
========================================================================
Received Import Request.
  Time since last request: 0.000027 seconds.
  path: Assets/Polygon-Lite Survival Collection/Prefabs/Medical_Kit.prefab
  artifactKey: Guid(c6776ea35b3d59b46907ebd401b343ff) Importer(815301076,1909f56bfc062723c751e8b465ee728b)
Start importing Assets/Polygon-Lite Survival Collection/Prefabs/Medical_Kit.prefab using Guid(c6776ea35b3d59b46907ebd401b343ff) Importer(815301076,1909f56bfc062723c751e8b465ee728b)  -> (artifact id: '02fd70b8c078bfdc352d7e80c26c6aa4') in 0.017688 seconds 
========================================================================
Received Import Request.
  Time since last request: 0.000020 seconds.
  path: Assets/Polygon-Lite Survival Collection/Prefabs/SM_Canister_01.prefab
  artifactKey: Guid(0f2d5ce1d5cb3a741a65c988a7f1ed22) Importer(815301076,1909f56bfc062723c751e8b465ee728b)
Start importing Assets/Polygon-Lite Survival Collection/Prefabs/SM_Canister_01.prefab using Guid(0f2d5ce1d5cb3a741a65c988a7f1ed22) Importer(815301076,1909f56bfc062723c751e8b465ee728b)  -> (artifact id: '6a8f395ab817625cdf4de1fe11e822e7') in 0.018233 seconds 
========================================================================
Received Import Request.
  Time since last request: 0.000030 seconds.
  path: Assets/Polygon-Lite Survival Collection/Prefabs/SM_Pallet_03.prefab
  artifactKey: Guid(29abf24f5c3a0c346920490127e9b6d1) Importer(815301076,1909f56bfc062723c751e8b465ee728b)
Start importing Assets/Polygon-Lite Survival Collection/Prefabs/SM_Pallet_03.prefab using Guid(29abf24f5c3a0c346920490127e9b6d1) Importer(815301076,1909f56bfc062723c751e8b465ee728b)  -> (artifact id: 'f28b072da8820ca0a0eb62108239ad9f') in 0.018403 seconds 
========================================================================
Received Import Request.
  Time since last request: 0.000042 seconds.
  path: Assets/Polygon-Lite Survival Collection/Prefabs/SM_Magazine_For_Army_Pistol.prefab
  artifactKey: Guid(5d6c8044d7125364a83e2ab1c71c4ed5) Importer(815301076,1909f56bfc062723c751e8b465ee728b)
Start importing Assets/Polygon-Lite Survival Collection/Prefabs/SM_Magazine_For_Army_Pistol.prefab using Guid(5d6c8044d7125364a83e2ab1c71c4ed5) Importer(815301076,1909f56bfc062723c751e8b465ee728b)  -> (artifact id: 'eb72271fa3a775d0b7edbaa5add45389') in 0.023524 seconds 
========================================================================
Received Import Request.
  Time since last request: 0.000051 seconds.
  path: Assets/Polygon-Lite Survival Collection/Prefabs/SM_Butt_Of_The_Rifle_For_Special_Submachine_Gun_Clean.prefab
  artifactKey: Guid(f1934d0715948b54d83e420685e0d87b) Importer(815301076,1909f56bfc062723c751e8b465ee728b)
Start importing Assets/Polygon-Lite Survival Collection/Prefabs/SM_Butt_Of_The_Rifle_For_Special_Submachine_Gun_Clean.prefab using Guid(f1934d0715948b54d83e420685e0d87b) Importer(815301076,1909f56bfc062723c751e8b465ee728b)  -> (artifact id: '56f57841c935c0b4e1f5759cce98703d') in 0.015916 seconds 
========================================================================
Received Import Request.
  Time since last request: 0.000030 seconds.
  path: Assets/Polygon-Lite Survival Collection/Prefabs/SM_Chuck_Pistol_Box_9_CLOSED.prefab
  artifactKey: Guid(a82432d1109cc4c49b891160c9db1aa7) Importer(815301076,1909f56bfc062723c751e8b465ee728b)
Start importing Assets/Polygon-Lite Survival Collection/Prefabs/SM_Chuck_Pistol_Box_9_CLOSED.prefab using Guid(a82432d1109cc4c49b891160c9db1aa7) Importer(815301076,1909f56bfc062723c751e8b465ee728b)  -> (artifact id: 'a1d2eccd48c2cfcd8e3d6269c27af019') in 0.016113 seconds 
========================================================================
Received Import Request.
  Time since last request: 0.000025 seconds.
  path: Assets/Polygon-Lite Survival Collection/Prefabs/SM_Magazine_For_Special_Submachine_Gun_Empty.prefab
  artifactKey: Guid(6cc25e1b147c93248987a6b4e5deee90) Importer(815301076,1909f56bfc062723c751e8b465ee728b)
Start importing Assets/Polygon-Lite Survival Collection/Prefabs/SM_Magazine_For_Special_Submachine_Gun_Empty.prefab using Guid(6cc25e1b147c93248987a6b4e5deee90) Importer(815301076,1909f56bfc062723c751e8b465ee728b)  -> (artifact id: '8957802c4f8c69ca7510304419bc115a') in 0.016393 seconds 
========================================================================
Received Import Request.
  Time since last request: 0.000039 seconds.
  path: Assets/Polygon-Lite Survival Collection/Prefabs/SM_Chuck_Pistol_Box_9.19.prefab
  artifactKey: Guid(260b181a36214d94d9a2e9929947e034) Importer(815301076,1909f56bfc062723c751e8b465ee728b)
Start importing Assets/Polygon-Lite Survival Collection/Prefabs/SM_Chuck_Pistol_Box_9.19.prefab using Guid(260b181a36214d94d9a2e9929947e034) Importer(815301076,1909f56bfc062723c751e8b465ee728b)  -> (artifact id: 'c3c4ef0876a7c8f54cf4b9f3c1dca5a5') in 0.017779 seconds 
========================================================================
Received Import Request.
  Time since last request: 0.000057 seconds.
  path: Assets/Polygon-Lite Survival Collection/Prefabs/SM_Muzzle_Brake_Compensator_01.prefab
  artifactKey: Guid(be7edd9c916f8a048a7e416e583f354a) Importer(815301076,1909f56bfc062723c751e8b465ee728b)
Start importing Assets/Polygon-Lite Survival Collection/Prefabs/SM_Muzzle_Brake_Compensator_01.prefab using Guid(be7edd9c916f8a048a7e416e583f354a) Importer(815301076,1909f56bfc062723c751e8b465ee728b)  -> (artifact id: '4f99787e4844b1986742dcd3f2dfcb56') in 0.015850 seconds 
========================================================================
Received Import Request.
  Time since last request: 0.000048 seconds.
  path: Assets/Polygon-Lite Survival Collection/Prefabs/SM_GAS_CYLINDER_01.prefab
  artifactKey: Guid(845771c8faf6ff848a08dc9973e39f41) Importer(815301076,1909f56bfc062723c751e8b465ee728b)
Start importing Assets/Polygon-Lite Survival Collection/Prefabs/SM_GAS_CYLINDER_01.prefab using Guid(845771c8faf6ff848a08dc9973e39f41) Importer(815301076,1909f56bfc062723c751e8b465ee728b)  -> (artifact id: '6e81670447c6347535e8e41daa99402c') in 0.017540 seconds 
========================================================================
Received Import Request.
  Time since last request: 0.000024 seconds.
  path: Assets/Polygon-Lite Survival Collection/Prefabs/SM_Log.prefab
  artifactKey: Guid(1e63d2a1731e95a4bbee54952e67f2b5) Importer(815301076,1909f56bfc062723c751e8b465ee728b)
Start importing Assets/Polygon-Lite Survival Collection/Prefabs/SM_Log.prefab using Guid(1e63d2a1731e95a4bbee54952e67f2b5) Importer(815301076,1909f56bfc062723c751e8b465ee728b)  -> (artifact id: '07b93a1cdeb70a10af70e496601e6092') in 0.016827 seconds 
========================================================================
Received Import Request.
  Time since last request: 26.370158 seconds.
  path: Assets/Polygon-Lite Survival Collection/Prefabs/SM_Sledgehammer.prefab
  artifactKey: Guid(c1261337aad64ef4db60b9b168b33feb) Importer(815301076,1909f56bfc062723c751e8b465ee728b)
Start importing Assets/Polygon-Lite Survival Collection/Prefabs/SM_Sledgehammer.prefab using Guid(c1261337aad64ef4db60b9b168b33feb) Importer(815301076,1909f56bfc062723c751e8b465ee728b)  -> (artifact id: '3cdcb91195d63cfe9195fb16a29212c5') in 0.020914 seconds 
========================================================================
Received Import Request.
  Time since last request: 0.000029 seconds.
  path: Assets/Polygon-Lite Survival Collection/Prefabs/SM_Woods_03.prefab
  artifactKey: Guid(386272c2cd2daf040ade792158663725) Importer(815301076,1909f56bfc062723c751e8b465ee728b)
Start importing Assets/Polygon-Lite Survival Collection/Prefabs/SM_Woods_03.prefab using Guid(386272c2cd2daf040ade792158663725) Importer(815301076,1909f56bfc062723c751e8b465ee728b)  -> (artifact id: '09a2deb8e126227277070c30148897cf') in 0.020274 seconds 
========================================================================
Received Import Request.
  Time since last request: 0.000028 seconds.
  path: Assets/Polygon-Lite Survival Collection/Prefabs/SM_Tactical_Block.prefab
  artifactKey: Guid(c90d4b87a9347fd43ad0fb549ee1f938) Importer(815301076,1909f56bfc062723c751e8b465ee728b)
Start importing Assets/Polygon-Lite Survival Collection/Prefabs/SM_Tactical_Block.prefab using Guid(c90d4b87a9347fd43ad0fb549ee1f938) Importer(815301076,1909f56bfc062723c751e8b465ee728b)  -> (artifact id: '5d5c654366b6b976edd7519593439958') in 0.023394 seconds 
========================================================================
Received Import Request.
  Time since last request: 0.000030 seconds.
  path: Assets/Polygon-Lite Survival Collection/Prefabs/SM_Workbench.prefab
  artifactKey: Guid(405182fb1a70a9d4a8a4c06cae1e6b5f) Importer(815301076,1909f56bfc062723c751e8b465ee728b)
Start importing Assets/Polygon-Lite Survival Collection/Prefabs/SM_Workbench.prefab using Guid(405182fb1a70a9d4a8a4c06cae1e6b5f) Importer(815301076,1909f56bfc062723c751e8b465ee728b)  -> (artifact id: '9de51e7ad9fcefca7f1ec893346c9716') in 0.022347 seconds 
========================================================================
Received Import Request.
  Time since last request: 0.000045 seconds.
  path: Assets/Polygon-Lite Survival Collection/Prefabs/Small_Canned_Food_C_03.prefab
  artifactKey: Guid(9406672675d366049a5cf427d4fe7332) Importer(815301076,1909f56bfc062723c751e8b465ee728b)
Start importing Assets/Polygon-Lite Survival Collection/Prefabs/Small_Canned_Food_C_03.prefab using Guid(9406672675d366049a5cf427d4fe7332) Importer(815301076,1909f56bfc062723c751e8b465ee728b)  -> (artifact id: '50f54cb2cc709a83cb324d35a0349c9b') in 0.022457 seconds 
Editor requested this worker to shutdown with reason: Scaling down because of idle timeout
AssetImportWorker is now disconnected from the server
Process exiting
Exiting without the bug reporter. Application will terminate with return code 0